<?xml version="1.0" encoding="UTF-8"?>
<testsuite xmlns:xsi="http://www.w3.org/2001/XMLSchema-instance" xsi:noNamespaceSchemaLocation="https://maven.apache.org/surefire/maven-surefire-plugin/xsd/surefire-test-report-3.0.xsd" version="3.0" name="com.dailycodework.lakesidehotel.LakeSideHotelApplicationTests" time="6.403" tests="1" errors="0" skipped="0" failures="0">
  <properties>
[...]
</properties>
  <testcase name="contextLoads" classname="com.dailycodework.lakesidehotel.LakeSideHotelApplicationTests" time="0.743">
    <system-out><![CDATA[06:19:07.101 [main] INFO org.springframework.test.context.support.AnnotationConfigContextLoaderUtils -- Could not detect default configuration classes for test class [com.dailycodework.lakesidehotel.LakeSideHotelApplicationTests]: LakeSideHotelApplicationTests does not declare any static, non-private, non-final, nested classes annotated with @Configuration.
06:19:07.326 [main] INFO org.springframework.boot.test.context.SpringBootTestContextBootstrapper -- Found @SpringBootConfiguration com.dailycodework.lakesidehotel.LakeSideHotelApplication for test class com.dailycodework.lakesidehotel.LakeSideHotelApplicationTests

  .   ____          _            __ _ _
 /\\ / ___'_ __ _ _(_)_ __  __ _ \ \ \ \
( ( )\___ | '_ | '_| | '_ \/ _` | \ \ \ \
 \\/  ___)| |_)| | | | | || (_| |  ) ) ) )
  '  |____| .__|_| |_|_| |_\__, | / / / /
 =========|_|==============|___/=/_/_/_/
 :: Spring Boot ::                (v3.1.4)

2025-08-15T06:19:07.661+03:00  INFO 45728 --- [           main] c.d.l.LakeSideHotelApplicationTests      : Starting LakeSideHotelApplicationTests using Java 17.0.15 with PID 45728 (started by elisha in /home/elisha/Projects/lakeSide-hotel-demo-server)
2025-08-15T06:19:07.662+03:00 DEBUG 45728 --- [           main] c.d.l.LakeSideHotelApplicationTests      : Running with Spring Boot v3.1.4, Spring v6.0.12
2025-08-15T06:19:07.663+03:00  INFO 45728 --- [           main] c.d.l.LakeSideHotelApplicationTests      : No active profile set, falling back to 1 default profile: "default"
2025-08-15T06:19:07.663+03:00 DEBUG 45728 --- [           main] o.s.boot.SpringApplication               : Loading source class com.dailycodework.lakesidehotel.LakeSideHotelApplication
2025-08-15T06:19:07.694+03:00 DEBUG 45728 --- [           main] o.s.w.c.s.GenericWebApplicationContext   : Refreshing org.springframework.web.context.support.GenericWebApplicationContext@70eecdc2
2025-08-15T06:19:07.708+03:00 DEBUG 45728 --- [           main] o.s.b.f.s.DefaultListableBeanFactory     : Creating shared instance of singleton bean 'org.springframework.context.annotation.internalConfigurationAnnotationProcessor'
2025-08-15T06:19:07.719+03:00 DEBUG 45728 --- [           main] o.s.b.f.s.DefaultListableBeanFactory     : Creating shared instance of singleton bean 'org.springframework.boot.autoconfigure.internalCachingMetadataReaderFactory'
2025-08-15T06:19:07.767+03:00 DEBUG 45728 --- [           main] o.s.c.a.ClassPathBeanDefinitionScanner   : Identified candidate component class: file [/home/elisha/Projects/lakeSide-hotel-demo-server/target/classes/com/dailycodework/lakesidehotel/controller/AuthController.class]
2025-08-15T06:19:07.772+03:00 DEBUG 45728 --- [           main] o.s.c.a.ClassPathBeanDefinitionScanner   : Identified candidate component class: file [/home/elisha/Projects/lakeSide-hotel-demo-server/target/classes/com/dailycodework/lakesidehotel/controller/BookingController.class]
2025-08-15T06:19:07.773+03:00 DEBUG 45728 --- [           main] o.s.c.a.ClassPathBeanDefinitionScanner   : Identified candidate component class: file [/home/elisha/Projects/lakeSide-hotel-demo-server/target/classes/com/dailycodework/lakesidehotel/controller/RoleController.class]
2025-08-15T06:19:07.776+03:00 DEBUG 45728 --- [           main] o.s.c.a.ClassPathBeanDefinitionScanner   : Identified candidate component class: file [/home/elisha/Projects/lakeSide-hotel-demo-server/target/classes/com/dailycodework/lakesidehotel/controller/RoomController.class]
2025-08-15T06:19:07.776+03:00 DEBUG 45728 --- [           main] o.s.c.a.ClassPathBeanDefinitionScanner   : Identified candidate component class: file [/home/elisha/Projects/lakeSide-hotel-demo-server/target/classes/com/dailycodework/lakesidehotel/controller/UserController.class]
2025-08-15T06:19:07.790+03:00 DEBUG 45728 --- [           main] o.s.c.a.ClassPathBeanDefinitionScanner   : Identified candidate component class: file [/home/elisha/Projects/lakeSide-hotel-demo-server/target/classes/com/dailycodework/lakesidehotel/security/CorsConfig.class]
2025-08-15T06:19:07.792+03:00 DEBUG 45728 --- [           main] o.s.c.a.ClassPathBeanDefinitionScanner   : Identified candidate component class: file [/home/elisha/Projects/lakeSide-hotel-demo-server/target/classes/com/dailycodework/lakesidehotel/security/WebSecurityConfig.class]
2025-08-15T06:19:07.793+03:00 DEBUG 45728 --- [           main] o.s.c.a.ClassPathBeanDefinitionScanner   : Identified candidate component class: file [/home/elisha/Projects/lakeSide-hotel-demo-server/target/classes/com/dailycodework/lakesidehotel/security/jwt/JwtAuthEntryPoint.class]
2025-08-15T06:19:07.793+03:00 DEBUG 45728 --- [           main] o.s.c.a.ClassPathBeanDefinitionScanner   : Identified candidate component class: file [/home/elisha/Projects/lakeSide-hotel-demo-server/target/classes/com/dailycodework/lakesidehotel/security/jwt/JwtUtils.class]
2025-08-15T06:19:07.794+03:00 DEBUG 45728 --- [           main] o.s.c.a.ClassPathBeanDefinitionScanner   : Identified candidate component class: file [/home/elisha/Projects/lakeSide-hotel-demo-server/target/classes/com/dailycodework/lakesidehotel/security/user/HotelUserDetailsService.class]
2025-08-15T06:19:07.795+03:00 DEBUG 45728 --- [           main] o.s.c.a.ClassPathBeanDefinitionScanner   : Identified candidate component class: file [/home/elisha/Projects/lakeSide-hotel-demo-server/target/classes/com/dailycodework/lakesidehotel/service/BookingService.class]
2025-08-15T06:19:07.797+03:00 DEBUG 45728 --- [           main] o.s.c.a.ClassPathBeanDefinitionScanner   : Identified candidate component class: file [/home/elisha/Projects/lakeSide-hotel-demo-server/target/classes/com/dailycodework/lakesidehotel/service/RoleService.class]
2025-08-15T06:19:07.797+03:00 DEBUG 45728 --- [           main] o.s.c.a.ClassPathBeanDefinitionScanner   : Identified candidate component class: file [/home/elisha/Projects/lakeSide-hotel-demo-server/target/classes/com/dailycodework/lakesidehotel/service/RoomService.class]
2025-08-15T06:19:07.799+03:00 DEBUG 45728 --- [           main] o.s.c.a.ClassPathBeanDefinitionScanner   : Identified candidate component class: file [/home/elisha/Projects/lakeSide-hotel-demo-server/target/classes/com/dailycodework/lakesidehotel/service/UserService.class]
2025-08-15T06:19:08.272+03:00  INFO 45728 --- [           main] .s.d.r.c.RepositoryConfigurationDelegate : Bootstrapping Spring Data JPA repositories in DEFAULT mode.
2025-08-15T06:19:08.278+03:00 DEBUG 45728 --- [           main] o.s.b.f.s.DefaultListableBeanFactory     : Creating shared instance of singleton bean 'org.springframework.boot.autoconfigure.AutoConfigurationPackages'
2025-08-15T06:19:08.283+03:00 DEBUG 45728 --- [           main] o.s.b.a.AutoConfigurationPackages        : @EnableAutoConfiguration was declared on a class in the package 'com.dailycodework.lakesidehotel'. Automatic @Repository and @Entity scanning is enabled.
2025-08-15T06:19:08.284+03:00 DEBUG 45728 --- [           main] .s.d.r.c.RepositoryConfigurationDelegate : Scanning for JPA repositories in packages com.dailycodework.lakesidehotel.
2025-08-15T06:19:08.294+03:00 DEBUG 45728 --- [           main] o.s.d.r.c.RepositoryComponentProvider    : Identified candidate component class: file [/home/elisha/Projects/lakeSide-hotel-demo-server/target/classes/com/dailycodework/lakesidehotel/repository/BookingRepository.class]
2025-08-15T06:19:08.294+03:00 DEBUG 45728 --- [           main] o.s.d.r.c.RepositoryComponentProvider    : Identified candidate component class: file [/home/elisha/Projects/lakeSide-hotel-demo-server/target/classes/com/dailycodework/lakesidehotel/repository/RoleRepository.class]
2025-08-15T06:19:08.295+03:00 DEBUG 45728 --- [           main] o.s.d.r.c.RepositoryComponentProvider    : Identified candidate component class: file [/home/elisha/Projects/lakeSide-hotel-demo-server/target/classes/com/dailycodework/lakesidehotel/repository/RoomRepository.class]
2025-08-15T06:19:08.295+03:00 DEBUG 45728 --- [           main] o.s.d.r.c.RepositoryComponentProvider    : Identified candidate component class: file [/home/elisha/Projects/lakeSide-hotel-demo-server/target/classes/com/dailycodework/lakesidehotel/repository/UserRepository.class]
2025-08-15T06:19:08.337+03:00  INFO 45728 --- [           main] .s.d.r.c.RepositoryConfigurationDelegate : Finished Spring Data repository scanning in 50 ms. Found 4 JPA repository interfaces.
2025-08-15T06:19:08.503+03:00 DEBUG 45728 --- [           main] o.s.b.f.s.DefaultListableBeanFactory     : Creating shared instance of singleton bean 'propertySourcesPlaceholderConfigurer'
2025-08-15T06:19:08.512+03:00 DEBUG 45728 --- [           main] o.s.b.f.s.DefaultListableBeanFactory     : Creating shared instance of singleton bean 'org.springframework.boot.test.mock.mockito.MockitoPostProcessor'
2025-08-15T06:19:08.513+03:00 DEBUG 45728 --- [           main] o.s.b.f.s.DefaultListableBeanFactory     : Creating shared instance of singleton bean 'emBeanDefinitionRegistrarPostProcessor'
2025-08-15T06:19:08.513+03:00 DEBUG 45728 --- [           main] o.s.b.f.s.DefaultListableBeanFactory     : Creating shared instance of singleton bean 'org.springframework.boot.sql.init.dependency.DatabaseInitializationDependencyConfigurer$DependsOnDatabaseInitializationPostProcessor'
2025-08-15T06:19:08.567+03:00 DEBUG 45728 --- [           main] o.s.b.f.s.DefaultListableBeanFactory     : Creating shared instance of singleton bean 'org.springframework.context.event.internalEventListenerProcessor'
2025-08-15T06:19:08.568+03:00 DEBUG 45728 --- [           main] o.s.b.f.s.DefaultListableBeanFactory     : Creating shared instance of singleton bean 'preserveErrorControllerTargetClassPostProcessor'
2025-08-15T06:19:08.568+03:00 DEBUG 45728 --- [           main] o.s.b.f.s.DefaultListableBeanFactory     : Creating shared instance of singleton bean 'conversionServicePostProcessor'
2025-08-15T06:19:08.584+03:00 DEBUG 45728 --- [           main] o.s.b.f.s.DefaultListableBeanFactory     : Creating shared instance of singleton bean 'org.springframework.context.event.internalEventListenerFactory'
2025-08-15T06:19:08.585+03:00 DEBUG 45728 --- [           main] o.s.b.f.s.DefaultListableBeanFactory     : Creating shared instance of singleton bean 'org.springframework.transaction.config.internalTransactionalEventListenerFactory'
2025-08-15T06:19:08.587+03:00 DEBUG 45728 --- [           main] o.s.b.f.s.DefaultListableBeanFactory     : Creating shared instance of singleton bean 'org.springframework.boot.test.mock.mockito.MockitoPostProcessor$SpyPostProcessor'
2025-08-15T06:19:08.589+03:00 DEBUG 45728 --- [           main] o.s.b.f.s.DefaultListableBeanFactory     : Creating shared instance of singleton bean 'org.springframework.context.annotation.internalAutowiredAnnotationProcessor'
2025-08-15T06:19:08.591+03:00 DEBUG 45728 --- [           main] o.s.b.f.s.DefaultListableBeanFactory     : Creating shared instance of singleton bean 'org.springframework.context.annotation.internalCommonAnnotationProcessor'
2025-08-15T06:19:08.594+03:00 DEBUG 45728 --- [           main] o.s.b.f.s.DefaultListableBeanFactory     : Creating shared instance of singleton bean 'org.springframework.context.annotation.internalPersistenceAnnotationProcessor'
2025-08-15T06:19:08.594+03:00 DEBUG 45728 --- [           main] o.s.b.f.s.DefaultListableBeanFactory     : Creating shared instance of singleton bean 'org.springframework.boot.context.properties.ConfigurationPropertiesBindingPostProcessor'
2025-08-15T06:19:08.594+03:00 DEBUG 45728 --- [           main] o.s.b.f.s.DefaultListableBeanFactory     : Creating shared instance of singleton bean 'org.springframework.boot.context.internalConfigurationPropertiesBinder'
2025-08-15T06:19:08.596+03:00 DEBUG 45728 --- [           main] o.s.b.f.s.DefaultListableBeanFactory     : Creating shared instance of singleton bean 'jdbcConnectionDetailsHikariBeanPostProcessor'
2025-08-15T06:19:08.598+03:00 DEBUG 45728 --- [           main] o.s.b.f.s.DefaultListableBeanFactory     : Creating shared instance of singleton bean 'org.springframework.aop.config.internalAutoProxyCreator'
2025-08-15T06:19:08.615+03:00 DEBUG 45728 --- [           main] o.s.b.f.s.DefaultListableBeanFactory     : Creating shared instance of singleton bean 'methodValidationPostProcessor'
2025-08-15T06:19:08.627+03:00 DEBUG 45728 --- [           main] o.s.b.f.s.DefaultListableBeanFactory     : Autowiring by type from bean name 'methodValidationPostProcessor' via factory method to bean named 'environment'
2025-08-15T06:19:08.629+03:00 DEBUG 45728 --- [           main] o.s.b.f.s.DefaultListableBeanFactory     : Creating shared instance of singleton bean 'org.springframework.boot.context.properties.EnableConfigurationPropertiesRegistrar.methodValidationExcludeFilter'
2025-08-15T06:19:08.638+03:00 DEBUG 45728 --- [           main] o.s.b.f.s.DefaultListableBeanFactory     : Creating shared instance of singleton bean 'persistenceExceptionTranslationPostProcessor'
2025-08-15T06:19:08.640+03:00 DEBUG 45728 --- [           main] o.s.b.f.s.DefaultListableBeanFactory     : Autowiring by type from bean name 'persistenceExceptionTranslationPostProcessor' via factory method to bean named 'environment'
2025-08-15T06:19:08.642+03:00 DEBUG 45728 --- [           main] o.s.b.f.s.DefaultListableBeanFactory     : Creating shared instance of singleton bean 'webServerFactoryCustomizerBeanPostProcessor'
2025-08-15T06:19:08.643+03:00 DEBUG 45728 --- [           main] o.s.b.f.s.DefaultListableBeanFactory     : Creating shared instance of singleton bean 'errorPageRegistrarBeanPostProcessor'
2025-08-15T06:19:08.644+03:00 DEBUG 45728 --- [           main] o.s.b.f.s.DefaultListableBeanFactory     : Creating shared instance of singleton bean 'projectingArgumentResolverBeanPostProcessor'
2025-08-15T06:19:08.645+03:00 DEBUG 45728 --- [           main] o.s.b.f.s.DefaultListableBeanFactory     : Creating shared instance of singleton bean 'preFilterAuthorizationAdvisor'
2025-08-15T06:19:08.645+03:00 DEBUG 45728 --- [           main] o.s.b.f.s.DefaultListableBeanFactory     : Autowiring by type from bean name 'preFilterAuthorizationAdvisor' via factory method to bean named 'org.springframework.web.context.support.GenericWebApplicationContext@70eecdc2'
2025-08-15T06:19:08.655+03:00 DEBUG 45728 --- [           main] o.s.b.f.s.DefaultListableBeanFactory     : Creating shared instance of singleton bean 'preAuthorizeAuthorizationAdvisor'
2025-08-15T06:19:08.656+03:00 DEBUG 45728 --- [           main] o.s.b.f.s.DefaultListableBeanFactory     : Autowiring by type from bean name 'preAuthorizeAuthorizationAdvisor' via factory method to bean named 'org.springframework.web.context.support.GenericWebApplicationContext@70eecdc2'
2025-08-15T06:19:08.661+03:00 DEBUG 45728 --- [           main] o.s.b.f.s.DefaultListableBeanFactory     : Creating shared instance of singleton bean 'postFilterAuthorizationAdvisor'
2025-08-15T06:19:08.662+03:00 DEBUG 45728 --- [           main] o.s.b.f.s.DefaultListableBeanFactory     : Autowiring by type from bean name 'postFilterAuthorizationAdvisor' via factory method to bean named 'org.springframework.web.context.support.GenericWebApplicationContext@70eecdc2'
2025-08-15T06:19:08.664+03:00 DEBUG 45728 --- [           main] o.s.b.f.s.DefaultListableBeanFactory     : Creating shared instance of singleton bean 'postAuthorizeAuthorizationAdvisor'
2025-08-15T06:19:08.665+03:00 DEBUG 45728 --- [           main] o.s.b.f.s.DefaultListableBeanFactory     : Autowiring by type from bean name 'postAuthorizeAuthorizationAdvisor' via factory method to bean named 'org.springframework.web.context.support.GenericWebApplicationContext@70eecdc2'
2025-08-15T06:19:08.668+03:00 DEBUG 45728 --- [           main] o.s.b.f.s.DefaultListableBeanFactory     : Creating shared instance of singleton bean 'securedAuthorizationAdvisor'
2025-08-15T06:19:08.670+03:00 DEBUG 45728 --- [           main] o.s.b.f.s.DefaultListableBeanFactory     : Creating shared instance of singleton bean 'jsr250AuthorizationAdvisor'
2025-08-15T06:19:08.673+03:00 DEBUG 45728 --- [           main] o.s.b.f.s.DefaultListableBeanFactory     : Creating shared instance of singleton bean 'org.springframework.transaction.config.internalTransactionAdvisor'
2025-08-15T06:19:08.673+03:00 DEBUG 45728 --- [           main] o.s.b.f.s.DefaultListableBeanFactory     : Creating shared instance of singleton bean 'org.springframework.transaction.annotation.ProxyTransactionManagementConfiguration'
2025-08-15T06:19:08.684+03:00 DEBUG 45728 --- [           main] o.s.b.f.s.DefaultListableBeanFactory     : Creating shared instance of singleton bean 'transactionAttributeSource'
2025-08-15T06:19:08.687+03:00 DEBUG 45728 --- [           main] o.s.b.f.s.DefaultListableBeanFactory     : Creating shared instance of singleton bean 'transactionInterceptor'
2025-08-15T06:19:08.688+03:00 DEBUG 45728 --- [           main] o.s.b.f.s.DefaultListableBeanFactory     : Autowiring by type from bean name 'transactionInterceptor' via factory method to bean named 'transactionAttributeSource'
2025-08-15T06:19:08.692+03:00 DEBUG 45728 --- [           main] o.s.b.f.s.DefaultListableBeanFactory     : Autowiring by type from bean name 'org.springframework.transaction.config.internalTransactionAdvisor' via factory method to bean named 'transactionAttributeSource'
2025-08-15T06:19:08.692+03:00 DEBUG 45728 --- [           main] o.s.b.f.s.DefaultListableBeanFactory     : Autowiring by type from bean name 'org.springframework.transaction.config.internalTransactionAdvisor' via factory method to bean named 'transactionInterceptor'
2025-08-15T06:19:08.711+03:00 DEBUG 45728 --- [           main] o.s.u.c.s.UiApplicationContextUtils      : Unable to locate ThemeSource with name 'themeSource': using default [org.springframework.ui.context.support.ResourceBundleThemeSource@3a3ed300]
2025-08-15T06:19:08.713+03:00 DEBUG 45728 --- [           main] o.s.b.f.s.DefaultListableBeanFactory     : Creating shared instance of singleton bean 'dataSourceScriptDatabaseInitializer'
2025-08-15T06:19:08.713+03:00 DEBUG 45728 --- [           main] o.s.b.f.s.DefaultListableBeanFactory     : Creating shared instance of singleton bean 'org.springframework.boot.autoconfigure.sql.init.DataSourceInitializationConfiguration'
2025-08-15T06:19:08.716+03:00 DEBUG 45728 --- [           main] o.s.b.f.s.DefaultListableBeanFactory     : Creating shared instance of singleton bean 'dataSource'
2025-08-15T06:19:08.716+03:00 DEBUG 45728 --- [           main] o.s.b.f.s.DefaultListableBeanFactory     : Creating shared instance of singleton bean 'org.springframework.boot.autoconfigure.jdbc.DataSourceConfiguration$Hikari'
2025-08-15T06:19:08.718+03:00 DEBUG 45728 --- [           main] o.s.b.f.s.DefaultListableBeanFactory     : Creating shared instance of singleton bean 'spring.datasource-org.springframework.boot.autoconfigure.jdbc.DataSourceProperties'
2025-08-15T06:19:08.720+03:00 DEBUG 45728 --- [           main] o.s.b.f.s.DefaultListableBeanFactory     : Creating shared instance of singleton bean 'org.springframework.boot.context.properties.BoundConfigurationProperties'
2025-08-15T06:19:08.749+03:00 DEBUG 45728 --- [           main] o.s.b.f.s.DefaultListableBeanFactory     : Creating shared instance of singleton bean 'jdbcConnectionDetails'
2025-08-15T06:19:08.749+03:00 DEBUG 45728 --- [           main] o.s.b.f.s.DefaultListableBeanFactory     : Creating shared instance of singleton bean 'org.springframework.boot.autoconfigure.jdbc.DataSourceAutoConfiguration$PooledDataSourceConfiguration'
2025-08-15T06:19:08.752+03:00 DEBUG 45728 --- [           main] o.s.b.f.s.DefaultListableBeanFactory     : Autowiring by type from bean name 'jdbcConnectionDetails' via factory method to bean named 'spring.datasource-org.springframework.boot.autoconfigure.jdbc.DataSourceProperties'
2025-08-15T06:19:08.754+03:00 DEBUG 45728 --- [           main] o.s.b.f.s.DefaultListableBeanFactory     : Autowiring by type from bean name 'dataSource' via factory method to bean named 'spring.datasource-org.springframework.boot.autoconfigure.jdbc.DataSourceProperties'
2025-08-15T06:19:08.755+03:00 DEBUG 45728 --- [           main] o.s.b.f.s.DefaultListableBeanFactory     : Autowiring by type from bean name 'dataSource' via factory method to bean named 'jdbcConnectionDetails'
2025-08-15T06:19:08.788+03:00 DEBUG 45728 --- [           main] o.s.b.f.s.DefaultListableBeanFactory     : Creating shared instance of singleton bean 'spring.sql.init-org.springframework.boot.autoconfigure.sql.init.SqlInitializationProperties'
2025-08-15T06:19:08.792+03:00 DEBUG 45728 --- [           main] o.s.b.f.s.DefaultListableBeanFactory     : Autowiring by type from bean name 'dataSourceScriptDatabaseInitializer' via factory method to bean named 'dataSource'
2025-08-15T06:19:08.792+03:00 DEBUG 45728 --- [           main] o.s.b.f.s.DefaultListableBeanFactory     : Autowiring by type from bean name 'dataSourceScriptDatabaseInitializer' via factory method to bean named 'spring.sql.init-org.springframework.boot.autoconfigure.sql.init.SqlInitializationProperties'
2025-08-15T06:19:08.797+03:00 DEBUG 45728 --- [           main] o.s.b.f.s.DefaultListableBeanFactory     : Creating shared instance of singleton bean 'entityManagerFactory'
2025-08-15T06:19:08.797+03:00 DEBUG 45728 --- [           main] o.s.b.f.s.DefaultListableBeanFactory     : Creating shared instance of singleton bean 'org.springframework.boot.autoconfigure.orm.jpa.HibernateJpaConfiguration'
2025-08-15T06:19:08.798+03:00 DEBUG 45728 --- [           main] o.s.b.f.s.DefaultListableBeanFactory     : Creating shared instance of singleton bean 'spring.jpa-org.springframework.boot.autoconfigure.orm.jpa.JpaProperties'
2025-08-15T06:19:08.803+03:00 DEBUG 45728 --- [           main] o.s.b.f.s.DefaultListableBeanFactory     : Creating shared instance of singleton bean 'spring.jpa.hibernate-org.springframework.boot.autoconfigure.orm.jpa.HibernateProperties'
2025-08-15T06:19:08.805+03:00 DEBUG 45728 --- [           main] o.s.b.f.s.DefaultListableBeanFactory     : Autowiring by type from bean name 'org.springframework.boot.autoconfigure.orm.jpa.HibernateJpaConfiguration' via constructor to bean named 'dataSource'
2025-08-15T06:19:08.806+03:00 DEBUG 45728 --- [           main] o.s.b.f.s.DefaultListableBeanFactory     : Autowiring by type from bean name 'org.springframework.boot.autoconfigure.orm.jpa.HibernateJpaConfiguration' via constructor to bean named 'spring.jpa-org.springframework.boot.autoconfigure.orm.jpa.JpaProperties'
2025-08-15T06:19:08.806+03:00 DEBUG 45728 --- [           main] o.s.b.f.s.DefaultListableBeanFactory     : Autowiring by type from bean name 'org.springframework.boot.autoconfigure.orm.jpa.HibernateJpaConfiguration' via constructor to bean named 'org.springframework.beans.factory.support.DefaultListableBeanFactory@78b236a0'
2025-08-15T06:19:08.806+03:00 DEBUG 45728 --- [           main] o.s.b.f.s.DefaultListableBeanFactory     : Autowiring by type from bean name 'org.springframework.boot.autoconfigure.orm.jpa.HibernateJpaConfiguration' via constructor to bean named 'spring.jpa.hibernate-org.springframework.boot.autoconfigure.orm.jpa.HibernateProperties'
2025-08-15T06:19:08.807+03:00 DEBUG 45728 --- [           main] o.s.b.f.s.DefaultListableBeanFactory     : Creating shared instance of singleton bean 'hikariPoolDataSourceMetadataProvider'
2025-08-15T06:19:08.808+03:00 DEBUG 45728 --- [           main] o.s.b.f.s.DefaultListableBeanFactory     : Creating shared instance of singleton bean 'org.springframework.boot.autoconfigure.jdbc.metadata.DataSourcePoolMetadataProvidersConfiguration$HikariPoolDataSourceMetadataProviderConfiguration'
2025-08-15T06:19:08.814+03:00 DEBUG 45728 --- [           main] o.s.b.f.s.DefaultListableBeanFactory     : Creating shared instance of singleton bean 'entityManagerFactoryBuilder'
2025-08-15T06:19:08.815+03:00 DEBUG 45728 --- [           main] o.s.b.f.s.DefaultListableBeanFactory     : Creating shared instance of singleton bean 'jpaVendorAdapter'
2025-08-15T06:19:08.828+03:00 DEBUG 45728 --- [           main] o.s.b.f.s.DefaultListableBeanFactory     : Autowiring by type from bean name 'entityManagerFactoryBuilder' via factory method to bean named 'jpaVendorAdapter'
2025-08-15T06:19:08.832+03:00 DEBUG 45728 --- [           main] o.s.b.f.s.DefaultListableBeanFactory     : Creating shared instance of singleton bean 'persistenceManagedTypes'
2025-08-15T06:19:08.834+03:00 DEBUG 45728 --- [           main] o.s.b.f.s.DefaultListableBeanFactory     : Autowiring by type from bean name 'persistenceManagedTypes' via factory method to bean named 'org.springframework.beans.factory.support.DefaultListableBeanFactory@78b236a0'
2025-08-15T06:19:08.835+03:00 DEBUG 45728 --- [           main] o.s.b.f.s.DefaultListableBeanFactory     : Autowiring by type from bean name 'persistenceManagedTypes' via factory method to bean named 'org.springframework.web.context.support.GenericWebApplicationContext@70eecdc2'
2025-08-15T06:19:08.843+03:00 DEBUG 45728 --- [           main] o.s.b.f.s.DefaultListableBeanFactory     : Autowiring by type from bean name 'entityManagerFactory' via factory method to bean named 'entityManagerFactoryBuilder'
2025-08-15T06:19:08.843+03:00 DEBUG 45728 --- [           main] o.s.b.f.s.DefaultListableBeanFactory     : Autowiring by type from bean name 'entityManagerFactory' via factory method to bean named 'persistenceManagedTypes'
2025-08-15T06:19:08.856+03:00 DEBUG 45728 --- [           main] j.LocalContainerEntityManagerFactoryBean : Building JPA container EntityManagerFactory for persistence unit 'default'
2025-08-15T06:19:08.874+03:00  INFO 45728 --- [           main] o.hibernate.jpa.internal.util.LogHelper  : HHH000204: Processing PersistenceUnitInfo [name: default]
2025-08-15T06:19:08.914+03:00  INFO 45728 --- [           main] org.hibernate.Version                    : HHH000412: Hibernate ORM core version 6.2.9.Final
2025-08-15T06:19:08.916+03:00  INFO 45728 --- [           main] org.hibernate.cfg.Environment            : HHH000406: Using bytecode reflection optimizer
2025-08-15T06:19:09.021+03:00  INFO 45728 --- [           main] o.h.b.i.BytecodeProviderInitiator        : HHH000021: Bytecode provider name : bytebuddy
2025-08-15T06:19:09.128+03:00  INFO 45728 --- [           main] o.s.o.j.p.SpringPersistenceUnitInfo      : No LoadTimeWeaver setup: ignoring JPA class transformer
2025-08-15T06:19:09.141+03:00  INFO 45728 --- [           main] com.zaxxer.hikari.HikariDataSource       : HikariPool-1 - Starting...
2025-08-15T06:19:09.410+03:00  INFO 45728 --- [           main] com.zaxxer.hikari.pool.HikariPool        : HikariPool-1 - Added connection com.mysql.cj.jdbc.ConnectionImpl@74707df8
2025-08-15T06:19:09.412+03:00  INFO 45728 --- [           main] com.zaxxer.hikari.HikariDataSource       : HikariPool-1 - Start completed.
2025-08-15T06:19:09.632+03:00  INFO 45728 --- [           main] o.h.b.i.BytecodeProviderInitiator        : HHH000021: Bytecode provider name : bytebuddy
2025-08-15T06:19:10.218+03:00  INFO 45728 --- [           main] o.h.e.t.j.p.i.JtaPlatformInitiator       : HHH000490: Using JtaPlatform implementation: [org.hibernate.engine.transaction.jta.platform.internal.NoJtaPlatform]
2025-08-15T06:19:10.291+03:00  INFO 45728 --- [           main] j.LocalContainerEntityManagerFactoryBean : Initialized JPA EntityManagerFactory for persistence unit 'default'
2025-08-15T06:19:10.300+03:00 DEBUG 45728 --- [           main] o.s.b.f.s.DefaultListableBeanFactory     : Creating shared instance of singleton bean 'lakeSideHotelApplication'
2025-08-15T06:19:10.302+03:00 DEBUG 45728 --- [           main] o.s.b.f.s.DefaultListableBeanFactory     : Creating shared instance of singleton bean 'authController'
2025-08-15T06:19:10.304+03:00 DEBUG 45728 --- [           main] o.s.b.f.s.DefaultListableBeanFactory     : Creating shared instance of singleton bean 'userService'
2025-08-15T06:19:10.306+03:00 DEBUG 45728 --- [           main] o.s.b.f.s.DefaultListableBeanFactory     : Creating shared instance of singleton bean 'userRepository'
2025-08-15T06:19:10.312+03:00 DEBUG 45728 --- [           main] o.s.b.f.s.DefaultListableBeanFactory     : Creating shared instance of singleton bean 'jpa.named-queries#1'
2025-08-15T06:19:10.316+03:00 DEBUG 45728 --- [           main] o.s.b.f.s.DefaultListableBeanFactory     : Creating shared instance of singleton bean 'jpa.UserRepository.fragments#0'
2025-08-15T06:19:10.320+03:00 DEBUG 45728 --- [           main] o.s.b.f.s.DefaultListableBeanFactory     : Creating shared instance of singleton bean 'jpaSharedEM_entityManagerFactory'
2025-08-15T06:19:10.354+03:00 DEBUG 45728 --- [           main] o.s.b.f.s.DefaultListableBeanFactory     : Creating shared instance of singleton bean 'jpaMappingContext'
2025-08-15T06:19:10.355+03:00 DEBUG 45728 --- [           main] .c.JpaMetamodelMappingContextFactoryBean : Initializing JpaMetamodelMappingContext…
2025-08-15T06:19:10.371+03:00 DEBUG 45728 --- [           main] .c.JpaMetamodelMappingContextFactoryBean : Finished initializing JpaMetamodelMappingContext
2025-08-15T06:19:10.399+03:00 DEBUG 45728 --- [           main] tor$SharedEntityManagerInvocationHandler : Creating new EntityManager for shared EntityManager invocation
2025-08-15T06:19:10.430+03:00 DEBUG 45728 --- [           main] tor$SharedEntityManagerInvocationHandler : Creating new EntityManager for shared EntityManager invocation
2025-08-15T06:19:10.473+03:00 DEBUG 45728 --- [           main] o.s.d.r.c.s.RepositoryFactorySupport     : Initializing repository instance for com.dailycodework.lakesidehotel.repository.UserRepository…
2025-08-15T06:19:10.486+03:00 DEBUG 45728 --- [           main] tor$SharedEntityManagerInvocationHandler : Creating new EntityManager for shared EntityManager invocation
2025-08-15T06:19:10.550+03:00 DEBUG 45728 --- [           main] o.s.d.jpa.repository.query.NamedQuery    : Looking up named query User.existsByEmail
2025-08-15T06:19:10.552+03:00 DEBUG 45728 --- [           main] o.s.d.jpa.repository.query.NamedQuery    : Did not find named query User.existsByEmail
2025-08-15T06:19:10.554+03:00 DEBUG 45728 --- [           main] tor$SharedEntityManagerInvocationHandler : Creating new EntityManager for shared EntityManager invocation
2025-08-15T06:19:10.595+03:00 DEBUG 45728 --- [           main] o.s.d.jpa.repository.query.NamedQuery    : Looking up named query User.deleteByEmail
2025-08-15T06:19:10.596+03:00 DEBUG 45728 --- [           main] o.s.d.jpa.repository.query.NamedQuery    : Did not find named query User.deleteByEmail
2025-08-15T06:19:10.596+03:00 DEBUG 45728 --- [           main] tor$SharedEntityManagerInvocationHandler : Creating new EntityManager for shared EntityManager invocation
2025-08-15T06:19:10.598+03:00 DEBUG 45728 --- [           main] o.s.d.jpa.repository.query.NamedQuery    : Looking up named query User.findByEmail
2025-08-15T06:19:10.598+03:00 DEBUG 45728 --- [           main] o.s.d.jpa.repository.query.NamedQuery    : Did not find named query User.findByEmail
2025-08-15T06:19:10.598+03:00 DEBUG 45728 --- [           main] tor$SharedEntityManagerInvocationHandler : Creating new EntityManager for shared EntityManager invocation
2025-08-15T06:19:10.601+03:00 DEBUG 45728 --- [           main] o.s.d.r.c.s.RepositoryFactorySupport     : Finished creation of repository instance for com.dailycodework.lakesidehotel.repository.UserRepository.
2025-08-15T06:19:10.616+03:00 DEBUG 45728 --- [           main] o.s.b.f.s.DefaultListableBeanFactory     : Creating shared instance of singleton bean 'passwordEncoder'
2025-08-15T06:19:10.616+03:00 DEBUG 45728 --- [           main] o.s.b.f.s.DefaultListableBeanFactory     : Creating shared instance of singleton bean 'webSecurityConfig'
2025-08-15T06:19:10.616+03:00 DEBUG 45728 --- [           main] o.s.b.f.s.DefaultListableBeanFactory     : Creating shared instance of singleton bean 'hotelUserDetailsService'
2025-08-15T06:19:10.617+03:00 DEBUG 45728 --- [           main] o.s.b.f.s.DefaultListableBeanFactory     : Autowiring by type from bean name 'hotelUserDetailsService' via constructor to bean named 'userRepository'
2025-08-15T06:19:10.618+03:00 DEBUG 45728 --- [           main] o.s.b.f.s.DefaultListableBeanFactory     : Creating shared instance of singleton bean 'jwtAuthEntryPoint'
2025-08-15T06:19:10.619+03:00 DEBUG 45728 --- [           main] o.s.b.f.s.DefaultListableBeanFactory     : Autowiring by type from bean name 'webSecurityConfig' via constructor to bean named 'hotelUserDetailsService'
2025-08-15T06:19:10.619+03:00 DEBUG 45728 --- [           main] o.s.b.f.s.DefaultListableBeanFactory     : Autowiring by type from bean name 'webSecurityConfig' via constructor to bean named 'jwtAuthEntryPoint'
2025-08-15T06:19:10.623+03:00 DEBUG 45728 --- [           main] o.s.b.f.s.DefaultListableBeanFactory     : Creating shared instance of singleton bean 'roleRepository'
2025-08-15T06:19:10.624+03:00 DEBUG 45728 --- [           main] o.s.b.f.s.DefaultListableBeanFactory     : Creating shared instance of singleton bean 'jpa.named-queries#3'
2025-08-15T06:19:10.627+03:00 DEBUG 45728 --- [           main] o.s.b.f.s.DefaultListableBeanFactory     : Creating shared instance of singleton bean 'jpa.RoleRepository.fragments#0'
2025-08-15T06:19:10.632+03:00 DEBUG 45728 --- [           main] tor$SharedEntityManagerInvocationHandler : Creating new EntityManager for shared EntityManager invocation
2025-08-15T06:19:10.633+03:00 DEBUG 45728 --- [           main] o.s.d.r.c.s.RepositoryFactorySupport     : Initializing repository instance for com.dailycodework.lakesidehotel.repository.RoleRepository…
2025-08-15T06:19:10.634+03:00 DEBUG 45728 --- [           main] tor$SharedEntityManagerInvocationHandler : Creating new EntityManager for shared EntityManager invocation
2025-08-15T06:19:10.660+03:00 DEBUG 45728 --- [           main] o.s.d.jpa.repository.query.NamedQuery    : Looking up named query Role.existsByName
2025-08-15T06:19:10.661+03:00 DEBUG 45728 --- [           main] o.s.d.jpa.repository.query.NamedQuery    : Did not find named query Role.existsByName
2025-08-15T06:19:10.661+03:00 DEBUG 45728 --- [           main] tor$SharedEntityManagerInvocationHandler : Creating new EntityManager for shared EntityManager invocation
2025-08-15T06:19:10.662+03:00 DEBUG 45728 --- [           main] o.s.d.jpa.repository.query.NamedQuery    : Looking up named query Role.findByName
2025-08-15T06:19:10.662+03:00 DEBUG 45728 --- [           main] o.s.d.jpa.repository.query.NamedQuery    : Did not find named query Role.findByName
2025-08-15T06:19:10.663+03:00 DEBUG 45728 --- [           main] tor$SharedEntityManagerInvocationHandler : Creating new EntityManager for shared EntityManager invocation
2025-08-15T06:19:10.666+03:00 DEBUG 45728 --- [           main] o.s.d.r.c.s.RepositoryFactorySupport     : Finished creation of repository instance for com.dailycodework.lakesidehotel.repository.RoleRepository.
2025-08-15T06:19:10.682+03:00 DEBUG 45728 --- [           main] o.s.b.f.s.DefaultListableBeanFactory     : Autowiring by type from bean name 'userService' via constructor to bean named 'userRepository'
2025-08-15T06:19:10.682+03:00 DEBUG 45728 --- [           main] o.s.b.f.s.DefaultListableBeanFactory     : Autowiring by type from bean name 'userService' via constructor to bean named 'passwordEncoder'
2025-08-15T06:19:10.682+03:00 DEBUG 45728 --- [           main] o.s.b.f.s.DefaultListableBeanFactory     : Autowiring by type from bean name 'userService' via constructor to bean named 'roleRepository'
2025-08-15T06:19:10.701+03:00 DEBUG 45728 --- [           main] o.s.b.f.s.DefaultListableBeanFactory     : Creating shared instance of singleton bean 'authenticationManager'
2025-08-15T06:19:10.702+03:00 DEBUG 45728 --- [           main] o.s.b.f.s.DefaultListableBeanFactory     : Creating shared instance of singleton bean 'org.springframework.security.config.annotation.authentication.configuration.AuthenticationConfiguration'
2025-08-15T06:19:10.704+03:00 DEBUG 45728 --- [           main] o.s.b.f.s.DefaultListableBeanFactory     : Creating shared instance of singleton bean 'enableGlobalAuthenticationAutowiredConfigurer'
2025-08-15T06:19:10.704+03:00 DEBUG 45728 --- [           main] o.s.b.f.s.DefaultListableBeanFactory     : Autowiring by type from bean name 'enableGlobalAuthenticationAutowiredConfigurer' via factory method to bean named 'org.springframework.web.context.support.GenericWebApplicationContext@70eecdc2'
2025-08-15T06:19:10.705+03:00 DEBUG 45728 --- [           main] o.s.b.f.s.DefaultListableBeanFactory     : Creating shared instance of singleton bean 'initializeUserDetailsBeanManagerConfigurer'
2025-08-15T06:19:10.706+03:00 DEBUG 45728 --- [           main] o.s.b.f.s.DefaultListableBeanFactory     : Autowiring by type from bean name 'initializeUserDetailsBeanManagerConfigurer' via factory method to bean named 'org.springframework.web.context.support.GenericWebApplicationContext@70eecdc2'
2025-08-15T06:19:10.707+03:00 DEBUG 45728 --- [           main] o.s.b.f.s.DefaultListableBeanFactory     : Creating shared instance of singleton bean 'initializeAuthenticationProviderBeanManagerConfigurer'
2025-08-15T06:19:10.707+03:00 DEBUG 45728 --- [           main] o.s.b.f.s.DefaultListableBeanFactory     : Autowiring by type from bean name 'initializeAuthenticationProviderBeanManagerConfigurer' via factory method to bean named 'org.springframework.web.context.support.GenericWebApplicationContext@70eecdc2'
2025-08-15T06:19:10.709+03:00 DEBUG 45728 --- [           main] o.s.b.f.s.DefaultListableBeanFactory     : Creating shared instance of singleton bean 'objectPostProcessor'
2025-08-15T06:19:10.709+03:00 DEBUG 45728 --- [           main] o.s.b.f.s.DefaultListableBeanFactory     : Creating shared instance of singleton bean 'org.springframework.security.config.annotation.configuration.ObjectPostProcessorConfiguration'
2025-08-15T06:19:10.710+03:00 DEBUG 45728 --- [           main] o.s.b.f.s.DefaultListableBeanFactory     : Autowiring by type from bean name 'objectPostProcessor' via factory method to bean named 'org.springframework.beans.factory.support.DefaultListableBeanFactory@78b236a0'
2025-08-15T06:19:10.712+03:00 DEBUG 45728 --- [           main] o.s.b.f.s.DefaultListableBeanFactory     : Autowiring by type from bean name 'authenticationManager' via factory method to bean named 'org.springframework.security.config.annotation.authentication.configuration.AuthenticationConfiguration'
2025-08-15T06:19:10.712+03:00 DEBUG 45728 --- [           main] o.s.b.f.s.DefaultListableBeanFactory     : Creating shared instance of singleton bean 'authenticationManagerBuilder'
2025-08-15T06:19:10.712+03:00 DEBUG 45728 --- [           main] o.s.b.f.s.DefaultListableBeanFactory     : Autowiring by type from bean name 'authenticationManagerBuilder' via factory method to bean named 'objectPostProcessor'
2025-08-15T06:19:10.712+03:00 DEBUG 45728 --- [           main] o.s.b.f.s.DefaultListableBeanFactory     : Autowiring by type from bean name 'authenticationManagerBuilder' via factory method to bean named 'org.springframework.web.context.support.GenericWebApplicationContext@70eecdc2'
2025-08-15T06:19:10.713+03:00 DEBUG 45728 --- [           main] o.s.b.f.s.DefaultListableBeanFactory     : Creating shared instance of singleton bean 'authenticationEventPublisher'
2025-08-15T06:19:10.713+03:00 DEBUG 45728 --- [           main] o.s.b.f.s.DefaultListableBeanFactory     : Creating shared instance of singleton bean 'org.springframework.boot.autoconfigure.security.servlet.SecurityAutoConfiguration'
2025-08-15T06:19:10.714+03:00 DEBUG 45728 --- [           main] o.s.b.f.s.DefaultListableBeanFactory     : Autowiring by type from bean name 'authenticationEventPublisher' via factory method to bean named 'org.springframework.web.context.support.GenericWebApplicationContext@70eecdc2'
2025-08-15T06:19:10.728+03:00 DEBUG 45728 --- [           main] o.s.b.f.s.DefaultListableBeanFactory     : Creating shared instance of singleton bean 'org.springframework.boot.autoconfigure.security.servlet.SpringBootWebSecurityConfiguration$WebSecurityEnablerConfiguration'
2025-08-15T06:19:10.731+03:00 DEBUG 45728 --- [           main] o.s.b.f.s.DefaultListableBeanFactory     : Creating shared instance of singleton bean 'authenticationProvider'
2025-08-15T06:19:10.754+03:00 DEBUG 45728 --- [           main] o.s.b.f.s.DefaultListableBeanFactory     : Creating shared instance of singleton bean 'jwtUtils'
2025-08-15T06:19:10.755+03:00 DEBUG 45728 --- [           main] ySourcesPropertyResolver$DefaultResolver : Found key 'auth.token.jwtSecret' in PropertySource 'Config resource 'class path resource [application.properties]' via location 'optional:classpath:/'' with value of type String
2025-08-15T06:19:10.756+03:00 DEBUG 45728 --- [           main] o.s.c.e.PropertySourcesPropertyResolver  : Found key 'auth.token.jwtSecret' in PropertySource 'environmentProperties' with value of type String
2025-08-15T06:19:10.756+03:00 DEBUG 45728 --- [           main] ySourcesPropertyResolver$DefaultResolver : Found key 'auth.token.expirationInMils' in PropertySource 'Config resource 'class path resource [application.properties]' via location 'optional:classpath:/'' with value of type String
2025-08-15T06:19:10.756+03:00 DEBUG 45728 --- [           main] o.s.c.e.PropertySourcesPropertyResolver  : Found key 'auth.token.expirationInMils' in PropertySource 'environmentProperties' with value of type String
2025-08-15T06:19:10.757+03:00 DEBUG 45728 --- [           main] o.s.b.f.s.DefaultListableBeanFactory     : Autowiring by type from bean name 'authController' via constructor to bean named 'userService'
2025-08-15T06:19:10.758+03:00 DEBUG 45728 --- [           main] o.s.b.f.s.DefaultListableBeanFactory     : Autowiring by type from bean name 'authController' via constructor to bean named 'authenticationManager'
2025-08-15T06:19:10.758+03:00 DEBUG 45728 --- [           main] o.s.b.f.s.DefaultListableBeanFactory     : Autowiring by type from bean name 'authController' via constructor to bean named 'jwtUtils'
2025-08-15T06:19:10.759+03:00 DEBUG 45728 --- [           main] o.s.b.f.s.DefaultListableBeanFactory     : Creating shared instance of singleton bean 'bookingController'
2025-08-15T06:19:10.762+03:00 DEBUG 45728 --- [           main] o.s.b.f.s.DefaultListableBeanFactory     : Creating shared instance of singleton bean 'bookingService'
2025-08-15T06:19:10.763+03:00 DEBUG 45728 --- [           main] o.s.b.f.s.DefaultListableBeanFactory     : Creating shared instance of singleton bean 'bookingRepository'
2025-08-15T06:19:10.764+03:00 DEBUG 45728 --- [           main] o.s.b.f.s.DefaultListableBeanFactory     : Creating shared instance of singleton bean 'jpa.named-queries#2'
2025-08-15T06:19:10.766+03:00 DEBUG 45728 --- [           main] o.s.b.f.s.DefaultListableBeanFactory     : Creating shared instance of singleton bean 'jpa.BookingRepository.fragments#0'
2025-08-15T06:19:10.770+03:00 DEBUG 45728 --- [           main] tor$SharedEntityManagerInvocationHandler : Creating new EntityManager for shared EntityManager invocation
2025-08-15T06:19:10.779+03:00 DEBUG 45728 --- [           main] o.s.d.r.c.s.RepositoryFactorySupport     : Initializing repository instance for com.dailycodework.lakesidehotel.repository.BookingRepository…
2025-08-15T06:19:10.780+03:00 DEBUG 45728 --- [           main] tor$SharedEntityManagerInvocationHandler : Creating new EntityManager for shared EntityManager invocation
2025-08-15T06:19:10.803+03:00 DEBUG 45728 --- [           main] o.s.d.jpa.repository.query.NamedQuery    : Looking up named query BookedRoom.findByRoomId
2025-08-15T06:19:10.804+03:00 DEBUG 45728 --- [           main] o.s.d.jpa.repository.query.NamedQuery    : Did not find named query BookedRoom.findByRoomId
2025-08-15T06:19:10.804+03:00 DEBUG 45728 --- [           main] tor$SharedEntityManagerInvocationHandler : Creating new EntityManager for shared EntityManager invocation
2025-08-15T06:19:10.808+03:00 DEBUG 45728 --- [           main] o.s.d.jpa.repository.query.NamedQuery    : Looking up named query BookedRoom.findByBookingConfirmationCode
2025-08-15T06:19:10.808+03:00 DEBUG 45728 --- [           main] o.s.d.jpa.repository.query.NamedQuery    : Did not find named query BookedRoom.findByBookingConfirmationCode
2025-08-15T06:19:10.808+03:00 DEBUG 45728 --- [           main] tor$SharedEntityManagerInvocationHandler : Creating new EntityManager for shared EntityManager invocation
2025-08-15T06:19:10.810+03:00 DEBUG 45728 --- [           main] o.s.d.jpa.repository.query.NamedQuery    : Looking up named query BookedRoom.findByGuestEmail
2025-08-15T06:19:10.810+03:00 DEBUG 45728 --- [           main] o.s.d.jpa.repository.query.NamedQuery    : Did not find named query BookedRoom.findByGuestEmail
2025-08-15T06:19:10.810+03:00 DEBUG 45728 --- [           main] tor$SharedEntityManagerInvocationHandler : Creating new EntityManager for shared EntityManager invocation
2025-08-15T06:19:10.814+03:00 DEBUG 45728 --- [           main] o.s.d.r.c.s.RepositoryFactorySupport     : Finished creation of repository instance for com.dailycodework.lakesidehotel.repository.BookingRepository.
2025-08-15T06:19:10.826+03:00 DEBUG 45728 --- [           main] o.s.b.f.s.DefaultListableBeanFactory     : Creating shared instance of singleton bean 'roomService'
2025-08-15T06:19:10.828+03:00 DEBUG 45728 --- [           main] o.s.b.f.s.DefaultListableBeanFactory     : Creating shared instance of singleton bean 'roomRepository'
2025-08-15T06:19:10.829+03:00 DEBUG 45728 --- [           main] o.s.b.f.s.DefaultListableBeanFactory     : Creating shared instance of singleton bean 'jpa.named-queries#0'
2025-08-15T06:19:10.833+03:00 DEBUG 45728 --- [           main] o.s.b.f.s.DefaultListableBeanFactory     : Creating shared instance of singleton bean 'jpa.RoomRepository.fragments#0'
2025-08-15T06:19:10.839+03:00 DEBUG 45728 --- [           main] tor$SharedEntityManagerInvocationHandler : Creating new EntityManager for shared EntityManager invocation
2025-08-15T06:19:10.840+03:00 DEBUG 45728 --- [           main] o.s.d.r.c.s.RepositoryFactorySupport     : Initializing repository instance for com.dailycodework.lakesidehotel.repository.RoomRepository…
2025-08-15T06:19:10.841+03:00 DEBUG 45728 --- [           main] tor$SharedEntityManagerInvocationHandler : Creating new EntityManager for shared EntityManager invocation
2025-08-15T06:19:10.865+03:00  INFO 45728 --- [           main] o.s.d.j.r.query.QueryEnhancerFactory     : Hibernate is in classpath; If applicable, HQL parser will be used.
2025-08-15T06:19:11.000+03:00 DEBUG 45728 --- [           main] o.s.d.jpa.repository.query.NamedQuery    : Did not find named query Room.findDistinctRoomTypes.count
2025-08-15T06:19:11.000+03:00 DEBUG 45728 --- [           main] tor$SharedEntityManagerInvocationHandler : Creating new EntityManager for shared EntityManager invocation
2025-08-15T06:19:11.181+03:00 DEBUG 45728 --- [           main] o.s.d.jpa.repository.query.NamedQuery    : Did not find named query Room.findAvailableRoomsByDatesAndType.count
2025-08-15T06:19:11.181+03:00 DEBUG 45728 --- [           main] tor$SharedEntityManagerInvocationHandler : Creating new EntityManager for shared EntityManager invocation
2025-08-15T06:19:11.335+03:00 DEBUG 45728 --- [           main] o.s.d.r.c.s.RepositoryFactorySupport     : Finished creation of repository instance for com.dailycodework.lakesidehotel.repository.RoomRepository.
2025-08-15T06:19:11.342+03:00 DEBUG 45728 --- [           main] o.s.b.f.s.DefaultListableBeanFactory     : Autowiring by type from bean name 'roomService' via constructor to bean named 'roomRepository'
2025-08-15T06:19:11.343+03:00 DEBUG 45728 --- [           main] o.s.b.f.s.DefaultListableBeanFactory     : Autowiring by type from bean name 'bookingService' via constructor to bean named 'bookingRepository'
2025-08-15T06:19:11.344+03:00 DEBUG 45728 --- [           main] o.s.b.f.s.DefaultListableBeanFactory     : Autowiring by type from bean name 'bookingService' via constructor to bean named 'roomService'
2025-08-15T06:19:11.345+03:00 DEBUG 45728 --- [           main] o.s.b.f.s.DefaultListableBeanFactory     : Autowiring by type from bean name 'bookingController' via constructor to bean named 'bookingService'
2025-08-15T06:19:11.345+03:00 DEBUG 45728 --- [           main] o.s.b.f.s.DefaultListableBeanFactory     : Autowiring by type from bean name 'bookingController' via constructor to bean named 'roomService'
2025-08-15T06:19:11.352+03:00 DEBUG 45728 --- [           main] o.s.b.f.s.DefaultListableBeanFactory     : Creating shared instance of singleton bean 'roleController'
2025-08-15T06:19:11.353+03:00 DEBUG 45728 --- [           main] o.s.b.f.s.DefaultListableBeanFactory     : Creating shared instance of singleton bean 'roleService'
2025-08-15T06:19:11.353+03:00 DEBUG 45728 --- [           main] o.s.b.f.s.DefaultListableBeanFactory     : Autowiring by type from bean name 'roleService' via constructor to bean named 'roleRepository'
2025-08-15T06:19:11.353+03:00 DEBUG 45728 --- [           main] o.s.b.f.s.DefaultListableBeanFactory     : Autowiring by type from bean name 'roleService' via constructor to bean named 'userRepository'
2025-08-15T06:19:11.355+03:00 DEBUG 45728 --- [           main] o.s.b.f.s.DefaultListableBeanFactory     : Autowiring by type from bean name 'roleController' via constructor to bean named 'roleService'
2025-08-15T06:19:11.356+03:00 DEBUG 45728 --- [           main] o.s.b.f.s.DefaultListableBeanFactory     : Creating shared instance of singleton bean 'roomController'
2025-08-15T06:19:11.357+03:00 DEBUG 45728 --- [           main] o.s.b.f.s.DefaultListableBeanFactory     : Autowiring by type from bean name 'roomController' via constructor to bean named 'roomService'
2025-08-15T06:19:11.358+03:00 DEBUG 45728 --- [           main] o.s.b.f.s.DefaultListableBeanFactory     : Autowiring by type from bean name 'roomController' via constructor to bean named 'bookingService'
2025-08-15T06:19:11.364+03:00 DEBUG 45728 --- [           main] o.s.b.f.s.DefaultListableBeanFactory     : Creating shared instance of singleton bean 'userController'
2025-08-15T06:19:11.365+03:00 DEBUG 45728 --- [           main] o.s.b.f.s.DefaultListableBeanFactory     : Autowiring by type from bean name 'userController' via constructor to bean named 'userService'
2025-08-15T06:19:11.370+03:00 DEBUG 45728 --- [           main] o.s.b.f.s.DefaultListableBeanFactory     : Creating shared instance of singleton bean 'corsConfig'
2025-08-15T06:19:11.371+03:00 DEBUG 45728 --- [           main] o.s.b.f.s.DefaultListableBeanFactory     : Creating shared instance of singleton bean 'org.springframework.web.servlet.config.annotation.DelegatingWebMvcConfiguration'
2025-08-15T06:19:11.374+03:00 DEBUG 45728 --- [           main] o.s.b.f.s.DefaultListableBeanFactory     : Creating shared instance of singleton bean 'openEntityManagerInViewInterceptorConfigurer'
2025-08-15T06:19:11.374+03:00 DEBUG 45728 --- [           main] o.s.b.f.s.DefaultListableBeanFactory     : Creating shared instance of singleton bean 'org.springframework.boot.autoconfigure.orm.jpa.JpaBaseConfiguration$JpaWebConfiguration'
2025-08-15T06:19:11.375+03:00 DEBUG 45728 --- [           main] o.s.b.f.s.DefaultListableBeanFactory     : Autowiring by type from bean name 'org.springframework.boot.autoconfigure.orm.jpa.JpaBaseConfiguration$JpaWebConfiguration' via constructor to bean named 'spring.jpa-org.springframework.boot.autoconfigure.orm.jpa.JpaProperties'
2025-08-15T06:19:11.376+03:00 DEBUG 45728 --- [           main] o.s.b.f.s.DefaultListableBeanFactory     : Creating shared instance of singleton bean 'openEntityManagerInViewInterceptor'
2025-08-15T06:19:11.376+03:00  WARN 45728 --- [           main] JpaBaseConfiguration$JpaWebConfiguration : spring.jpa.open-in-view is enabled by default. Therefore, database queries may be performed during view rendering. Explicitly configure spring.jpa.open-in-view to disable this warning
2025-08-15T06:19:11.379+03:00 DEBUG 45728 --- [           main] o.s.b.f.s.DefaultListableBeanFactory     : Autowiring by type from bean name 'openEntityManagerInViewInterceptorConfigurer' via factory method to bean named 'openEntityManagerInViewInterceptor'
2025-08-15T06:19:11.381+03:00 DEBUG 45728 --- [           main] o.s.b.f.s.DefaultListableBeanFactory     : Creating shared instance of singleton bean 'org.springframework.data.web.config.SpringDataWebConfiguration'
2025-08-15T06:19:11.381+03:00 DEBUG 45728 --- [           main] o.s.b.f.s.DefaultListableBeanFactory     : Autowiring by type from bean name 'org.springframework.data.web.config.SpringDataWebConfiguration' via constructor to bean named 'org.springframework.web.context.support.GenericWebApplicationContext@70eecdc2'
2025-08-15T06:19:11.384+03:00 DEBUG 45728 --- [           main] o.s.b.f.s.DefaultListableBeanFactory     : Creating shared instance of singleton bean 'org.springframework.security.config.annotation.web.configuration.WebMvcSecurityConfiguration'
2025-08-15T06:19:11.390+03:00 DEBUG 45728 --- [           main] o.s.b.f.s.DefaultListableBeanFactory     : Creating shared instance of singleton bean 'requestMappingHandlerMapping'
2025-08-15T06:19:11.391+03:00 DEBUG 45728 --- [           main] o.s.b.f.s.DefaultListableBeanFactory     : Creating shared instance of singleton bean 'mvcContentNegotiationManager'
2025-08-15T06:19:11.396+03:00 DEBUG 45728 --- [           main] o.s.b.f.s.DefaultListableBeanFactory     : Creating shared instance of singleton bean 'mvcConversionService'
2025-08-15T06:19:11.403+03:00 DEBUG 45728 --- [           main] o.s.b.f.s.DefaultListableBeanFactory     : Creating shared instance of singleton bean 'mvcResourceUrlProvider'
2025-08-15T06:19:11.405+03:00 DEBUG 45728 --- [           main] o.s.b.f.s.DefaultListableBeanFactory     : Autowiring by type from bean name 'requestMappingHandlerMapping' via factory method to bean named 'mvcContentNegotiationManager'
2025-08-15T06:19:11.405+03:00 DEBUG 45728 --- [           main] o.s.b.f.s.DefaultListableBeanFactory     : Autowiring by type from bean name 'requestMappingHandlerMapping' via factory method to bean named 'mvcConversionService'
2025-08-15T06:19:11.405+03:00 DEBUG 45728 --- [           main] o.s.b.f.s.DefaultListableBeanFactory     : Autowiring by type from bean name 'requestMappingHandlerMapping' via factory method to bean named 'mvcResourceUrlProvider'
2025-08-15T06:19:11.457+03:00 DEBUG 45728 --- [           main] s.w.s.m.m.a.RequestMappingHandlerMapping : 25 mappings in 'requestMappingHandlerMapping'
2025-08-15T06:19:11.468+03:00 DEBUG 45728 --- [           main] o.s.b.f.s.DefaultListableBeanFactory     : Creating shared instance of singleton bean 'mvcPatternParser'
2025-08-15T06:19:11.469+03:00 DEBUG 45728 --- [           main] o.s.b.f.s.DefaultListableBeanFactory     : Creating shared instance of singleton bean 'mvcUrlPathHelper'
2025-08-15T06:19:11.471+03:00 DEBUG 45728 --- [           main] o.s.b.f.s.DefaultListableBeanFactory     : Creating shared instance of singleton bean 'mvcPathMatcher'
2025-08-15T06:19:11.472+03:00 DEBUG 45728 --- [           main] o.s.b.f.s.DefaultListableBeanFactory     : Creating shared instance of singleton bean 'viewControllerHandlerMapping'
2025-08-15T06:19:11.472+03:00 DEBUG 45728 --- [           main] o.s.b.f.s.DefaultListableBeanFactory     : Autowiring by type from bean name 'viewControllerHandlerMapping' via factory method to bean named 'mvcConversionService'
2025-08-15T06:19:11.473+03:00 DEBUG 45728 --- [           main] o.s.b.f.s.DefaultListableBeanFactory     : Autowiring by type from bean name 'viewControllerHandlerMapping' via factory method to bean named 'mvcResourceUrlProvider'
2025-08-15T06:19:11.473+03:00 DEBUG 45728 --- [           main] o.s.b.f.s.DefaultListableBeanFactory     : Creating shared instance of singleton bean 'beanNameHandlerMapping'
2025-08-15T06:19:11.474+03:00 DEBUG 45728 --- [           main] o.s.b.f.s.DefaultListableBeanFactory     : Autowiring by type from bean name 'beanNameHandlerMapping' via factory method to bean named 'mvcConversionService'
2025-08-15T06:19:11.474+03:00 DEBUG 45728 --- [           main] o.s.b.f.s.DefaultListableBeanFactory     : Autowiring by type from bean name 'beanNameHandlerMapping' via factory method to bean named 'mvcResourceUrlProvider'
2025-08-15T06:19:11.482+03:00 DEBUG 45728 --- [           main] o.s.b.f.s.DefaultListableBeanFactory     : Creating shared instance of singleton bean 'routerFunctionMapping'
2025-08-15T06:19:11.482+03:00 DEBUG 45728 --- [           main] o.s.b.f.s.DefaultListableBeanFactory     : Autowiring by type from bean name 'routerFunctionMapping' via factory method to bean named 'mvcConversionService'
2025-08-15T06:19:11.482+03:00 DEBUG 45728 --- [           main] o.s.b.f.s.DefaultListableBeanFactory     : Autowiring by type from bean name 'routerFunctionMapping' via factory method to bean named 'mvcResourceUrlProvider'
2025-08-15T06:19:11.485+03:00 DEBUG 45728 --- [           main] o.s.b.f.s.DefaultListableBeanFactory     : Creating shared instance of singleton bean 'jacksonObjectMapper'
2025-08-15T06:19:11.485+03:00 DEBUG 45728 --- [           main] o.s.b.f.s.DefaultListableBeanFactory     : Creating shared instance of singleton bean 'org.springframework.boot.autoconfigure.jackson.JacksonAutoConfiguration$JacksonObjectMapperConfiguration'
2025-08-15T06:19:11.486+03:00 DEBUG 45728 --- [           main] o.s.b.f.s.DefaultListableBeanFactory     : Creating shared instance of singleton bean 'org.springframework.boot.autoconfigure.jackson.JacksonAutoConfiguration$JacksonObjectMapperBuilderConfiguration'
2025-08-15T06:19:11.488+03:00 DEBUG 45728 --- [           main] o.s.b.f.s.DefaultListableBeanFactory     : Creating shared instance of singleton bean 'standardJacksonObjectMapperBuilderCustomizer'
2025-08-15T06:19:11.488+03:00 DEBUG 45728 --- [           main] o.s.b.f.s.DefaultListableBeanFactory     : Creating shared instance of singleton bean 'org.springframework.boot.autoconfigure.jackson.JacksonAutoConfiguration$Jackson2ObjectMapperBuilderCustomizerConfiguration'
2025-08-15T06:19:11.489+03:00 DEBUG 45728 --- [           main] o.s.b.f.s.DefaultListableBeanFactory     : Creating shared instance of singleton bean 'spring.jackson-org.springframework.boot.autoconfigure.jackson.JacksonProperties'
2025-08-15T06:19:11.493+03:00 DEBUG 45728 --- [           main] o.s.b.f.s.DefaultListableBeanFactory     : Autowiring by type from bean name 'standardJacksonObjectMapperBuilderCustomizer' via factory method to bean named 'spring.jackson-org.springframework.boot.autoconfigure.jackson.JacksonProperties'
2025-08-15T06:19:11.494+03:00 DEBUG 45728 --- [           main] o.s.b.f.s.DefaultListableBeanFactory     : Creating shared instance of singleton bean 'parameterNamesModule'
2025-08-15T06:19:11.494+03:00 DEBUG 45728 --- [           main] o.s.b.f.s.DefaultListableBeanFactory     : Creating shared instance of singleton bean 'org.springframework.boot.autoconfigure.jackson.JacksonAutoConfiguration$ParameterNamesModuleConfiguration'
2025-08-15T06:19:11.498+03:00 DEBUG 45728 --- [           main] o.s.b.f.s.DefaultListableBeanFactory     : Creating shared instance of singleton bean 'jsonMixinModule'
2025-08-15T06:19:11.499+03:00 DEBUG 45728 --- [           main] o.s.b.f.s.DefaultListableBeanFactory     : Creating shared instance of singleton bean 'org.springframework.boot.autoconfigure.jackson.JacksonAutoConfiguration$JacksonMixinConfiguration'
2025-08-15T06:19:11.500+03:00 DEBUG 45728 --- [           main] o.s.b.f.s.DefaultListableBeanFactory     : Creating shared instance of singleton bean 'jsonMixinModuleEntries'
2025-08-15T06:19:11.500+03:00 DEBUG 45728 --- [           main] o.s.b.f.s.DefaultListableBeanFactory     : Autowiring by type from bean name 'jsonMixinModuleEntries' via factory method to bean named 'org.springframework.web.context.support.GenericWebApplicationContext@70eecdc2'
2025-08-15T06:19:11.505+03:00 DEBUG 45728 --- [           main] o.s.b.f.s.DefaultListableBeanFactory     : Autowiring by type from bean name 'jsonMixinModule' via factory method to bean named 'org.springframework.web.context.support.GenericWebApplicationContext@70eecdc2'
2025-08-15T06:19:11.505+03:00 DEBUG 45728 --- [           main] o.s.b.f.s.DefaultListableBeanFactory     : Autowiring by type from bean name 'jsonMixinModule' via factory method to bean named 'jsonMixinModuleEntries'
2025-08-15T06:19:11.507+03:00 DEBUG 45728 --- [           main] o.s.b.f.s.DefaultListableBeanFactory     : Creating shared instance of singleton bean 'jsonComponentModule'
2025-08-15T06:19:11.507+03:00 DEBUG 45728 --- [           main] o.s.b.f.s.DefaultListableBeanFactory     : Creating shared instance of singleton bean 'org.springframework.boot.autoconfigure.jackson.JacksonAutoConfiguration'
2025-08-15T06:19:11.512+03:00 DEBUG 45728 --- [           main] o.s.b.f.s.DefaultListableBeanFactory     : Creating shared instance of singleton bean 'jacksonGeoModule'
2025-08-15T06:19:11.512+03:00 DEBUG 45728 --- [           main] o.s.b.f.s.DefaultListableBeanFactory     : Creating shared instance of singleton bean 'org.springframework.data.web.config.SpringDataJacksonConfiguration'
2025-08-15T06:19:11.516+03:00 DEBUG 45728 --- [           main] o.s.b.f.s.DefaultListableBeanFactory     : Autowiring by type from bean name 'jacksonObjectMapperBuilder' via factory method to bean named 'org.springframework.web.context.support.GenericWebApplicationContext@70eecdc2'
2025-08-15T06:19:11.516+03:00 DEBUG 45728 --- [           main] o.s.b.f.s.DefaultListableBeanFactory     : Autowiring by type from bean name 'jacksonObjectMapperBuilder' via factory method to bean named 'standardJacksonObjectMapperBuilderCustomizer'
2025-08-15T06:19:11.519+03:00 DEBUG 45728 --- [           main] o.s.b.f.s.DefaultListableBeanFactory     : Autowiring by type from bean name 'jacksonObjectMapper' via factory method to bean named 'jacksonObjectMapperBuilder'
2025-08-15T06:19:11.595+03:00 DEBUG 45728 --- [           main] o.s.b.f.s.DefaultListableBeanFactory     : Creating shared instance of singleton bean 'resourceHandlerMapping'
2025-08-15T06:19:11.596+03:00 DEBUG 45728 --- [           main] o.s.b.f.s.DefaultListableBeanFactory     : Autowiring by type from bean name 'resourceHandlerMapping' via factory method to bean named 'mvcContentNegotiationManager'
2025-08-15T06:19:11.596+03:00 DEBUG 45728 --- [           main] o.s.b.f.s.DefaultListableBeanFactory     : Autowiring by type from bean name 'resourceHandlerMapping' via factory method to bean named 'mvcConversionService'
2025-08-15T06:19:11.596+03:00 DEBUG 45728 --- [           main] o.s.b.f.s.DefaultListableBeanFactory     : Autowiring by type from bean name 'resourceHandlerMapping' via factory method to bean named 'mvcResourceUrlProvider'
2025-08-15T06:19:11.597+03:00 DEBUG 45728 --- [           main] o.s.b.f.s.DefaultListableBeanFactory     : Creating shared instance of singleton bean 'defaultServletHandlerMapping'
2025-08-15T06:19:11.597+03:00 DEBUG 45728 --- [           main] o.s.b.f.s.DefaultListableBeanFactory     : Creating shared instance of singleton bean 'requestMappingHandlerAdapter'
2025-08-15T06:19:11.598+03:00 DEBUG 45728 --- [           main] o.s.b.f.s.DefaultListableBeanFactory     : Creating shared instance of singleton bean 'mvcValidator'
2025-08-15T06:19:11.607+03:00 DEBUG 45728 --- [           main] o.s.b.f.s.DefaultListableBeanFactory     : Autowiring by type from bean name 'requestMappingHandlerAdapter' via factory method to bean named 'mvcContentNegotiationManager'
2025-08-15T06:19:11.607+03:00 DEBUG 45728 --- [           main] o.s.b.f.s.DefaultListableBeanFactory     : Autowiring by type from bean name 'requestMappingHandlerAdapter' via factory method to bean named 'mvcConversionService'
2025-08-15T06:19:11.607+03:00 DEBUG 45728 --- [           main] o.s.b.f.s.DefaultListableBeanFactory     : Autowiring by type from bean name 'requestMappingHandlerAdapter' via factory method to bean named 'mvcValidator'
2025-08-15T06:19:11.611+03:00 DEBUG 45728 --- [           main] o.s.b.f.s.DefaultListableBeanFactory     : Creating shared instance of singleton bean 'sortResolver'
2025-08-15T06:19:11.612+03:00 DEBUG 45728 --- [           main] o.s.b.f.s.DefaultListableBeanFactory     : Creating shared instance of singleton bean 'sortCustomizer'
2025-08-15T06:19:11.612+03:00 DEBUG 45728 --- [           main] o.s.b.f.s.DefaultListableBeanFactory     : Creating shared instance of singleton bean 'org.springframework.boot.autoconfigure.data.web.SpringDataWebAutoConfiguration'
2025-08-15T06:19:11.613+03:00 DEBUG 45728 --- [           main] o.s.b.f.s.DefaultListableBeanFactory     : Creating shared instance of singleton bean 'spring.data.web-org.springframework.boot.autoconfigure.data.web.SpringDataWebProperties'
2025-08-15T06:19:11.614+03:00 DEBUG 45728 --- [           main] o.s.b.f.s.DefaultListableBeanFactory     : Autowiring by type from bean name 'org.springframework.boot.autoconfigure.data.web.SpringDataWebAutoConfiguration' via constructor to bean named 'spring.data.web-org.springframework.boot.autoconfigure.data.web.SpringDataWebProperties'
2025-08-15T06:19:11.618+03:00 DEBUG 45728 --- [           main] o.s.b.f.s.DefaultListableBeanFactory     : Creating shared instance of singleton bean 'pageableResolver'
2025-08-15T06:19:11.619+03:00 DEBUG 45728 --- [           main] o.s.b.f.s.DefaultListableBeanFactory     : Creating shared instance of singleton bean 'pageableCustomizer'
2025-08-15T06:19:11.634+03:00 DEBUG 45728 --- [           main] s.w.s.m.m.a.RequestMappingHandlerAdapter : ControllerAdvice beans: 0 @ModelAttribute, 0 @InitBinder, 1 RequestBodyAdvice, 1 ResponseBodyAdvice
2025-08-15T06:19:11.660+03:00 DEBUG 45728 --- [           main] o.s.b.f.s.DefaultListableBeanFactory     : Creating shared instance of singleton bean 'handlerFunctionAdapter'
2025-08-15T06:19:11.661+03:00 DEBUG 45728 --- [           main] o.s.b.f.s.DefaultListableBeanFactory     : Creating shared instance of singleton bean 'mvcUriComponentsContributor'
2025-08-15T06:19:11.662+03:00 DEBUG 45728 --- [           main] o.s.b.f.s.DefaultListableBeanFactory     : Autowiring by type from bean name 'mvcUriComponentsContributor' via factory method to bean named 'mvcConversionService'
2025-08-15T06:19:11.662+03:00 DEBUG 45728 --- [           main] o.s.b.f.s.DefaultListableBeanFactory     : Autowiring by type from bean name 'mvcUriComponentsContributor' via factory method to bean named 'requestMappingHandlerAdapter'
2025-08-15T06:19:11.664+03:00 DEBUG 45728 --- [           main] o.s.b.f.s.DefaultListableBeanFactory     : Creating shared instance of singleton bean 'httpRequestHandlerAdapter'
2025-08-15T06:19:11.665+03:00 DEBUG 45728 --- [           main] o.s.b.f.s.DefaultListableBeanFactory     : Creating shared instance of singleton bean 'simpleControllerHandlerAdapter'
2025-08-15T06:19:11.666+03:00 DEBUG 45728 --- [           main] o.s.b.f.s.DefaultListableBeanFactory     : Creating shared instance of singleton bean 'handlerExceptionResolver'
2025-08-15T06:19:11.666+03:00 DEBUG 45728 --- [           main] o.s.b.f.s.DefaultListableBeanFactory     : Autowiring by type from bean name 'handlerExceptionResolver' via factory method to bean named 'mvcContentNegotiationManager'
2025-08-15T06:19:11.668+03:00 DEBUG 45728 --- [           main] .m.m.a.ExceptionHandlerExceptionResolver : ControllerAdvice beans: 0 @ExceptionHandler, 1 ResponseBodyAdvice
2025-08-15T06:19:11.670+03:00 DEBUG 45728 --- [           main] o.s.b.f.s.DefaultListableBeanFactory     : Creating shared instance of singleton bean 'mvcViewResolver'
2025-08-15T06:19:11.670+03:00 DEBUG 45728 --- [           main] o.s.b.f.s.DefaultListableBeanFactory     : Autowiring by type from bean name 'mvcViewResolver' via factory method to bean named 'mvcContentNegotiationManager'
2025-08-15T06:19:11.673+03:00 DEBUG 45728 --- [           main] o.s.b.f.s.DefaultListableBeanFactory     : Creating shared instance of singleton bean 'localeResolver'
2025-08-15T06:19:11.675+03:00 DEBUG 45728 --- [           main] o.s.b.f.s.DefaultListableBeanFactory     : Creating shared instance of singleton bean 'themeResolver'
2025-08-15T06:19:11.676+03:00 DEBUG 45728 --- [           main] o.s.b.f.s.DefaultListableBeanFactory     : Creating shared instance of singleton bean 'flashMapManager'
2025-08-15T06:19:11.678+03:00 DEBUG 45728 --- [           main] o.s.b.f.s.DefaultListableBeanFactory     : Creating shared instance of singleton bean 'viewNameTranslator'
2025-08-15T06:19:11.680+03:00 DEBUG 45728 --- [           main] o.s.b.f.s.DefaultListableBeanFactory     : Creating shared instance of singleton bean 'corsFilter'
2025-08-15T06:19:11.684+03:00 DEBUG 45728 --- [           main] o.s.b.f.s.DefaultListableBeanFactory     : Creating shared instance of singleton bean 'org.springframework.security.config.annotation.method.configuration.PrePostMethodSecurityConfiguration'
2025-08-15T06:19:11.685+03:00 DEBUG 45728 --- [           main] o.s.b.f.s.DefaultListableBeanFactory     : Creating shared instance of singleton bean 'preFilterAuthorizationMethodInterceptor'
2025-08-15T06:19:11.685+03:00 DEBUG 45728 --- [           main] o.s.b.f.s.DefaultListableBeanFactory     : Autowiring by type from bean name 'preFilterAuthorizationMethodInterceptor' via factory method to bean named 'org.springframework.web.context.support.GenericWebApplicationContext@70eecdc2'
2025-08-15T06:19:11.686+03:00 DEBUG 45728 --- [           main] o.s.b.f.s.DefaultListableBeanFactory     : Creating shared instance of singleton bean 'preAuthorizeAuthorizationMethodInterceptor'
2025-08-15T06:19:11.686+03:00 DEBUG 45728 --- [           main] o.s.b.f.s.DefaultListableBeanFactory     : Autowiring by type from bean name 'preAuthorizeAuthorizationMethodInterceptor' via factory method to bean named 'org.springframework.web.context.support.GenericWebApplicationContext@70eecdc2'
2025-08-15T06:19:11.686+03:00 DEBUG 45728 --- [           main] o.s.b.f.s.DefaultListableBeanFactory     : Creating shared instance of singleton bean 'postAuthorizeAuthorizationMethodInterceptor'
2025-08-15T06:19:11.687+03:00 DEBUG 45728 --- [           main] o.s.b.f.s.DefaultListableBeanFactory     : Autowiring by type from bean name 'postAuthorizeAuthorizationMethodInterceptor' via factory method to bean named 'org.springframework.web.context.support.GenericWebApplicationContext@70eecdc2'
2025-08-15T06:19:11.687+03:00 DEBUG 45728 --- [           main] o.s.b.f.s.DefaultListableBeanFactory     : Creating shared instance of singleton bean 'postFilterAuthorizationMethodInterceptor'
2025-08-15T06:19:11.687+03:00 DEBUG 45728 --- [           main] o.s.b.f.s.DefaultListableBeanFactory     : Autowiring by type from bean name 'postFilterAuthorizationMethodInterceptor' via factory method to bean named 'org.springframework.web.context.support.GenericWebApplicationContext@70eecdc2'
2025-08-15T06:19:11.687+03:00 DEBUG 45728 --- [           main] o.s.b.f.s.DefaultListableBeanFactory     : Creating shared instance of singleton bean 'org.springframework.security.config.annotation.method.configuration.SecuredMethodSecurityConfiguration'
2025-08-15T06:19:11.688+03:00 DEBUG 45728 --- [           main] o.s.b.f.s.DefaultListableBeanFactory     : Creating shared instance of singleton bean 'securedAuthorizationMethodInterceptor'
2025-08-15T06:19:11.688+03:00 DEBUG 45728 --- [           main] o.s.b.f.s.DefaultListableBeanFactory     : Creating shared instance of singleton bean 'org.springframework.security.config.annotation.method.configuration.Jsr250MethodSecurityConfiguration'
2025-08-15T06:19:11.689+03:00 DEBUG 45728 --- [           main] o.s.b.f.s.DefaultListableBeanFactory     : Creating shared instance of singleton bean 'jsr250AuthorizationMethodInterceptor'
2025-08-15T06:19:11.690+03:00 DEBUG 45728 --- [           main] o.s.b.f.s.DefaultListableBeanFactory     : Creating shared instance of singleton bean 'authenticationTokenFilter'
2025-08-15T06:19:11.695+03:00 DEBUG 45728 --- [           main] o.s.b.f.s.DefaultListableBeanFactory     : Creating shared instance of singleton bean 'filterChain'
2025-08-15T06:19:11.696+03:00 DEBUG 45728 --- [           main] o.s.b.f.s.DefaultListableBeanFactory     : Creating shared instance of singleton bean 'org.springframework.security.config.annotation.web.configuration.HttpSecurityConfiguration'
2025-08-15T06:19:11.743+03:00 DEBUG 45728 --- [           main] o.s.b.f.s.DefaultListableBeanFactory     : Autowiring by type from bean name 'filterChain' via factory method to bean named 'org.springframework.security.config.annotation.web.configuration.HttpSecurityConfiguration.httpSecurity'
2025-08-15T06:19:11.785+03:00  INFO 45728 --- [           main] o.s.s.web.DefaultSecurityFilterChain     : Will secure any request with [org.springframework.security.web.session.DisableEncodeUrlFilter@1bbbede1, org.springframework.security.web.context.request.async.WebAsyncManagerIntegrationFilter@699d04a9, org.springframework.security.web.context.SecurityContextHolderFilter@5961fad1, org.springframework.security.web.header.HeaderWriterFilter@40ea5cd3, org.springframework.security.web.authentication.logout.LogoutFilter@1b74dd88, com.dailycodework.lakesidehotel.security.jwt.AuthTokenFilter@1e072d67, org.springframework.security.web.savedrequest.RequestCacheAwareFilter@42e1bfe1, org.springframework.security.web.servletapi.SecurityContextHolderAwareRequestFilter@399dc033, org.springframework.security.web.authentication.AnonymousAuthenticationFilter@1cc00f56, org.springframework.security.web.session.SessionManagementFilter@46e03c31, org.springframework.security.web.access.ExceptionTranslationFilter@580581b4, org.springframework.security.web.access.intercept.AuthorizationFilter@77e0b681]
2025-08-15T06:19:11.786+03:00 DEBUG 45728 --- [           main] o.s.b.f.s.DefaultListableBeanFactory     : Creating shared instance of singleton bean 'org.springframework.boot.autoconfigure.context.PropertyPlaceholderAutoConfiguration'
2025-08-15T06:19:11.787+03:00 DEBUG 45728 --- [           main] o.s.b.f.s.DefaultListableBeanFactory     : Creating shared instance of singleton bean 'org.springframework.boot.autoconfigure.ssl.SslAutoConfiguration'
2025-08-15T06:19:11.788+03:00 DEBUG 45728 --- [           main] o.s.b.f.s.DefaultListableBeanFactory     : Creating shared instance of singleton bean 'sslPropertiesSslBundleRegistrar'
2025-08-15T06:19:11.788+03:00 DEBUG 45728 --- [           main] o.s.b.f.s.DefaultListableBeanFactory     : Creating shared instance of singleton bean 'spring.ssl-org.springframework.boot.autoconfigure.ssl.SslProperties'
2025-08-15T06:19:11.789+03:00 DEBUG 45728 --- [           main] o.s.b.f.s.DefaultListableBeanFactory     : Autowiring by type from bean name 'sslPropertiesSslBundleRegistrar' via factory method to bean named 'spring.ssl-org.springframework.boot.autoconfigure.ssl.SslProperties'
2025-08-15T06:19:11.790+03:00 DEBUG 45728 --- [           main] o.s.b.f.s.DefaultListableBeanFactory     : Creating shared instance of singleton bean 'sslBundleRegistry'
2025-08-15T06:19:11.791+03:00 DEBUG 45728 --- [           main] o.s.b.f.s.DefaultListableBeanFactory     : Autowiring by type from bean name 'sslBundleRegistry' via factory method to bean named 'sslPropertiesSslBundleRegistrar'
2025-08-15T06:19:11.793+03:00 DEBUG 45728 --- [           main] o.s.b.f.s.DefaultListableBeanFactory     : Creating shared instance of singleton bean 'org.springframework.boot.autoconfigure.websocket.servlet.WebSocketServletAutoConfiguration$TomcatWebSocketConfiguration'
2025-08-15T06:19:11.794+03:00 DEBUG 45728 --- [           main] o.s.b.f.s.DefaultListableBeanFactory     : Creating shared instance of singleton bean 'websocketServletWebServerCustomizer'
2025-08-15T06:19:11.796+03:00 DEBUG 45728 --- [           main] o.s.b.f.s.DefaultListableBeanFactory     : Creating shared instance of singleton bean 'org.springframework.boot.autoconfigure.websocket.servlet.WebSocketServletAutoConfiguration'
2025-08-15T06:19:11.797+03:00 DEBUG 45728 --- [           main] o.s.b.f.s.DefaultListableBeanFactory     : Creating shared instance of singleton bean 'org.springframework.boot.autoconfigure.web.servlet.ServletWebServerFactoryConfiguration$EmbeddedTomcat'
2025-08-15T06:19:11.798+03:00 DEBUG 45728 --- [           main] o.s.b.f.s.DefaultListableBeanFactory     : Creating shared instance of singleton bean 'tomcatServletWebServerFactory'
2025-08-15T06:19:11.818+03:00 DEBUG 45728 --- [           main] o.s.b.f.s.DefaultListableBeanFactory     : Creating shared instance of singleton bean 'servletWebServerFactoryCustomizer'
2025-08-15T06:19:11.818+03:00 DEBUG 45728 --- [           main] o.s.b.f.s.DefaultListableBeanFactory     : Creating shared instance of singleton bean 'org.springframework.boot.autoconfigure.web.servlet.ServletWebServerFactoryAutoConfiguration'
2025-08-15T06:19:11.820+03:00 DEBUG 45728 --- [           main] o.s.b.f.s.DefaultListableBeanFactory     : Creating shared instance of singleton bean 'server-org.springframework.boot.autoconfigure.web.ServerProperties'
2025-08-15T06:19:11.834+03:00 DEBUG 45728 --- [           main] o.s.b.f.s.DefaultListableBeanFactory     : Autowiring by type from bean name 'servletWebServerFactoryCustomizer' via factory method to bean named 'server-org.springframework.boot.autoconfigure.web.ServerProperties'
2025-08-15T06:19:11.837+03:00 DEBUG 45728 --- [           main] o.s.b.f.s.DefaultListableBeanFactory     : Creating shared instance of singleton bean 'tomcatServletWebServerFactoryCustomizer'
2025-08-15T06:19:11.838+03:00 DEBUG 45728 --- [           main] o.s.b.f.s.DefaultListableBeanFactory     : Autowiring by type from bean name 'tomcatServletWebServerFactoryCustomizer' via factory method to bean named 'server-org.springframework.boot.autoconfigure.web.ServerProperties'
2025-08-15T06:19:11.839+03:00 DEBUG 45728 --- [           main] o.s.b.f.s.DefaultListableBeanFactory     : Creating shared instance of singleton bean 'localeCharsetMappingsCustomizer'
2025-08-15T06:19:11.839+03:00 DEBUG 45728 --- [           main] o.s.b.f.s.DefaultListableBeanFactory     : Creating shared instance of singleton bean 'org.springframework.boot.autoconfigure.web.servlet.HttpEncodingAutoConfiguration'
2025-08-15T06:19:11.840+03:00 DEBUG 45728 --- [           main] o.s.b.f.s.DefaultListableBeanFactory     : Autowiring by type from bean name 'org.springframework.boot.autoconfigure.web.servlet.HttpEncodingAutoConfiguration' via constructor to bean named 'server-org.springframework.boot.autoconfigure.web.ServerProperties'
2025-08-15T06:19:11.852+03:00 DEBUG 45728 --- [           main] o.s.b.f.s.DefaultListableBeanFactory     : Creating shared instance of singleton bean 'errorPageCustomizer'
2025-08-15T06:19:11.853+03:00 DEBUG 45728 --- [           main] o.s.b.f.s.DefaultListableBeanFactory     : Creating shared instance of singleton bean 'org.springframework.boot.autoconfigure.web.servlet.error.ErrorMvcAutoConfiguration'
[...]

   QuartzAutoConfiguration:
      Did not match:
         - @ConditionalOnClass did not find required class 'org.quartz.Scheduler' (OnClassCondition)

   R2dbcAutoConfiguration:
      Did not match:
         - @ConditionalOnClass did not find required class 'io.r2dbc.spi.ConnectionFactory' (OnClassCondition)

   R2dbcDataAutoConfiguration:
      Did not match:
         - @ConditionalOnClass did not find required class 'org.springframework.data.r2dbc.core.R2dbcEntityTemplate' (OnClassCondition)

   R2dbcInitializationConfiguration:
      Did not match:
         - @ConditionalOnClass did not find required classes 'io.r2dbc.spi.ConnectionFactory', 'org.springframework.r2dbc.connection.init.DatabasePopulator' (OnClassCondition)

   R2dbcRepositoriesAutoConfiguration:
      Did not match:
         - @ConditionalOnClass did not find required class 'io.r2dbc.spi.ConnectionFactory' (OnClassCondition)

   R2dbcTransactionManagerAutoConfiguration:
      Did not match:
         - @ConditionalOnClass did not find required class 'org.springframework.r2dbc.connection.R2dbcTransactionManager' (OnClassCondition)

   RSocketGraphQlClientAutoConfiguration:
      Did not match:
         - @ConditionalOnClass did not find required class 'graphql.GraphQL' (OnClassCondition)

   RSocketMessagingAutoConfiguration:
      Did not match:
         - @ConditionalOnClass did not find required class 'io.rsocket.RSocket' (OnClassCondition)

   RSocketRequesterAutoConfiguration:
      Did not match:
         - @ConditionalOnClass did not find required class 'io.rsocket.RSocket' (OnClassCondition)

   RSocketSecurityAutoConfiguration:
      Did not match:
         - @ConditionalOnClass did not find required class 'org.springframework.security.rsocket.core.SecuritySocketAcceptorInterceptor' (OnClassCondition)

   RSocketServerAutoConfiguration:
      Did not match:
         - @ConditionalOnClass did not find required class 'io.rsocket.core.RSocketServer' (OnClassCondition)

   RSocketStrategiesAutoConfiguration:
      Did not match:
         - @ConditionalOnClass did not find required class 'io.netty.buffer.PooledByteBufAllocator' (OnClassCondition)

   RabbitAutoConfiguration:
      Did not match:
         - @ConditionalOnClass did not find required class 'com.rabbitmq.client.Channel' (OnClassCondition)

   ReactiveElasticsearchClientAutoConfiguration:
      Did not match:
         - @ConditionalOnClass did not find required class 'co.elastic.clients.transport.ElasticsearchTransport' (OnClassCondition)

   ReactiveElasticsearchRepositoriesAutoConfiguration:
      Did not match:
         - @ConditionalOnClass did not find required class 'org.springframework.data.elasticsearch.client.elc.ReactiveElasticsearchClient' (OnClassCondition)

   ReactiveMultipartAutoConfiguration:
      Did not match:
         - @ConditionalOnClass did not find required class 'org.springframework.web.reactive.config.WebFluxConfigurer' (OnClassCondition)

   ReactiveOAuth2ClientAutoConfiguration:
      Did not match:
         - @ConditionalOnClass did not find required class 'reactor.core.publisher.Flux' (OnClassCondition)

   ReactiveOAuth2ResourceServerAutoConfiguration:
      Did not match:
         - @ConditionalOnWebApplication did not find reactive web application classes (OnWebApplicationCondition)

   ReactiveSecurityAutoConfiguration:
      Did not match:
         - @ConditionalOnClass did not find required class 'reactor.core.publisher.Flux' (OnClassCondition)

   ReactiveUserDetailsServiceAutoConfiguration:
      Did not match:
         - AnyNestedCondition 0 matched 2 did not; NestedCondition on ReactiveUserDetailsServiceAutoConfiguration.ReactiveUserDetailsServiceCondition.ReactiveWebApplicationCondition did not find reactive web application classes; NestedCondition on ReactiveUserDetailsServiceAutoConfiguration.ReactiveUserDetailsServiceCondition.RSocketSecurityEnabledCondition @ConditionalOnBean (types: org.springframework.messaging.rsocket.annotation.support.RSocketMessageHandler; SearchStrategy: all) did not find any beans of type org.springframework.messaging.rsocket.annotation.support.RSocketMessageHandler (ReactiveUserDetailsServiceAutoConfiguration.ReactiveUserDetailsServiceCondition)
      Matched:
         - @ConditionalOnClass found required class 'org.springframework.security.authentication.ReactiveAuthenticationManager' (OnClassCondition)

   ReactiveWebServerFactoryAutoConfiguration:
      Did not match:
         - @ConditionalOnWebApplication did not find reactive web application classes (OnWebApplicationCondition)

   RedisAutoConfiguration:
      Did not match:
         - @ConditionalOnClass did not find required class 'org.springframework.data.redis.core.RedisOperations' (OnClassCondition)

   RedisCacheConfiguration:
      Did not match:
         - @ConditionalOnClass did not find required class 'org.springframework.data.redis.connection.RedisConnectionFactory' (OnClassCondition)

   RedisReactiveAutoConfiguration:
      Did not match:
         - @ConditionalOnClass did not find required class 'reactor.core.publisher.Flux' (OnClassCondition)

   RedisRepositoriesAutoConfiguration:
      Did not match:
         - @ConditionalOnClass did not find required class 'org.springframework.data.redis.repository.configuration.EnableRedisRepositories' (OnClassCondition)

   RepositoryRestMvcAutoConfiguration:
      Did not match:
         - @ConditionalOnClass did not find required class 'org.springframework.data.rest.webmvc.config.RepositoryRestMvcConfiguration' (OnClassCondition)

   Saml2RelyingPartyAutoConfiguration:
      Did not match:
         - @ConditionalOnClass did not find required class 'org.springframework.security.saml2.provider.service.registration.RelyingPartyRegistrationRepository' (OnClassCondition)

   SecurityDataConfiguration:
      Did not match:
         - @ConditionalOnClass did not find required class 'org.springframework.security.data.repository.query.SecurityEvaluationContextExtension' (OnClassCondition)

   SendGridAutoConfiguration:
      Did not match:
         - @ConditionalOnClass did not find required class 'com.sendgrid.SendGrid' (OnClassCondition)

   ServletWebServerFactoryAutoConfiguration.ForwardedHeaderFilterConfiguration:
      Did not match:
         - @ConditionalOnProperty (server.forward-headers-strategy=framework) did not find property 'server.forward-headers-strategy' (OnPropertyCondition)

   ServletWebServerFactoryConfiguration.EmbeddedJetty:
      Did not match:
         - @ConditionalOnClass did not find required classes 'org.eclipse.jetty.server.Server', 'org.eclipse.jetty.util.Loader', 'org.eclipse.jetty.webapp.WebAppContext' (OnClassCondition)

   ServletWebServerFactoryConfiguration.EmbeddedUndertow:
      Did not match:
         - @ConditionalOnClass did not find required classes 'io.undertow.Undertow', 'org.xnio.SslClientAuthMode' (OnClassCondition)

   SessionAutoConfiguration:
      Did not match:
         - @ConditionalOnClass did not find required class 'org.springframework.session.Session' (OnClassCondition)

   SpringApplicationAdminJmxAutoConfiguration:
      Did not match:
         - @ConditionalOnProperty (spring.application.admin.enabled=true) did not find property 'enabled' (OnPropertyCondition)

   SpringBootWebSecurityConfiguration.SecurityFilterChainConfiguration:
      Did not match:
         - AllNestedConditions 1 matched 1 did not; NestedCondition on DefaultWebSecurityCondition.Beans @ConditionalOnMissingBean (types: org.springframework.security.web.SecurityFilterChain; SearchStrategy: all) found beans of type 'org.springframework.security.web.SecurityFilterChain' filterChain; NestedCondition on DefaultWebSecurityCondition.Classes @ConditionalOnClass found required classes 'org.springframework.security.web.SecurityFilterChain', 'org.springframework.security.config.annotation.web.builders.HttpSecurity' (DefaultWebSecurityCondition)

   TaskSchedulingAutoConfiguration#scheduledBeanLazyInitializationExcludeFilter:
      Did not match:
         - @ConditionalOnBean (names: org.springframework.context.annotation.internalScheduledAnnotationProcessor; SearchStrategy: all) did not find any beans named org.springframework.context.annotation.internalScheduledAnnotationProcessor (OnBeanCondition)

   TaskSchedulingAutoConfiguration#taskScheduler:
      Did not match:
         - @ConditionalOnBean (names: org.springframework.context.annotation.internalScheduledAnnotationProcessor; SearchStrategy: all) did not find any beans named org.springframework.context.annotation.internalScheduledAnnotationProcessor (OnBeanCondition)

   ThymeleafAutoConfiguration:
      Did not match:
         - @ConditionalOnClass did not find required class 'org.thymeleaf.spring6.SpringTemplateEngine' (OnClassCondition)

   TransactionAutoConfiguration#transactionalOperator:
      Did not match:
         - @ConditionalOnSingleCandidate (types: org.springframework.transaction.ReactiveTransactionManager; SearchStrategy: all) did not find any beans (OnBeanCondition)

   TransactionAutoConfiguration.EnableTransactionManagementConfiguration.JdkDynamicAutoProxyConfiguration:
      Did not match:
         - @ConditionalOnProperty (spring.aop.proxy-target-class=false) did not find property 'proxy-target-class' (OnPropertyCondition)

   UserDetailsServiceAutoConfiguration:
      Did not match:
         - @ConditionalOnMissingBean (types: org.springframework.security.authentication.AuthenticationManager,org.springframework.security.authentication.AuthenticationProvider,org.springframework.security.core.userdetails.UserDetailsService,org.springframework.security.authentication.AuthenticationManagerResolver,org.springframework.security.oauth2.jwt.JwtDecoder,org.springframework.security.oauth2.server.resource.introspection.OpaqueTokenIntrospector,org.springframework.security.oauth2.client.registration.ClientRegistrationRepository,org.springframework.security.saml2.provider.service.registration.RelyingPartyRegistrationRepository; SearchStrategy: all) found beans of type 'org.springframework.security.authentication.AuthenticationManager' authenticationManager and found beans of type 'org.springframework.security.core.userdetails.UserDetailsService' hotelUserDetailsService and found beans of type 'org.springframework.security.authentication.AuthenticationProvider' authenticationProvider (OnBeanCondition)
      Matched:
         - @ConditionalOnClass found required class 'org.springframework.security.authentication.AuthenticationManager' (OnClassCondition)

   WebClientAutoConfiguration:
      Did not match:
         - @ConditionalOnClass did not find required class 'org.springframework.web.reactive.function.client.WebClient' (OnClassCondition)

   WebFluxAutoConfiguration:
      Did not match:
         - @ConditionalOnClass did not find required class 'org.springframework.web.reactive.config.WebFluxConfigurer' (OnClassCondition)

   WebMvcAutoConfiguration:
      Did not match:
         - @ConditionalOnMissingBean (types: org.springframework.web.servlet.config.annotation.WebMvcConfigurationSupport; SearchStrategy: all) found beans of type 'org.springframework.web.servlet.config.annotation.WebMvcConfigurationSupport' org.springframework.web.servlet.config.annotation.DelegatingWebMvcConfiguration (OnBeanCondition)
      Matched:
         - @ConditionalOnClass found required classes 'jakarta.servlet.Servlet', 'org.springframework.web.servlet.DispatcherServlet', 'org.springframework.web.servlet.config.annotation.WebMvcConfigurer' (OnClassCondition)
         - found 'session' scope (OnWebApplicationCondition)

   WebMvcAutoConfiguration.ProblemDetailsErrorHandlingConfiguration:
      Did not match:
         - @ConditionalOnProperty (spring.mvc.problemdetails.enabled=true) did not find property 'enabled' (OnPropertyCondition)
         - Ancestor org.springframework.boot.autoconfigure.web.servlet.WebMvcAutoConfiguration did not match (ConditionEvaluationReport.AncestorsMatchedCondition)

   WebMvcAutoConfiguration.ResourceChainCustomizerConfiguration:
      Did not match:
         - @ConditionalOnEnabledResourceChain did not find class org.webjars.WebJarAssetLocator (OnEnabledResourceChainCondition)
         - Ancestor org.springframework.boot.autoconfigure.web.servlet.WebMvcAutoConfiguration did not match (ConditionEvaluationReport.AncestorsMatchedCondition)

   WebServiceTemplateAutoConfiguration:
      Did not match:
         - @ConditionalOnClass did not find required class 'org.springframework.oxm.Marshaller' (OnClassCondition)

   WebServicesAutoConfiguration:
      Did not match:
         - @ConditionalOnClass did not find required class 'org.springframework.ws.transport.http.MessageDispatcherServlet' (OnClassCondition)

   WebSessionIdResolverAutoConfiguration:
      Did not match:
         - @ConditionalOnClass did not find required class 'reactor.core.publisher.Mono' (OnClassCondition)

   WebSocketMessagingAutoConfiguration:
      Did not match:
         - @ConditionalOnClass did not find required class 'org.springframework.web.socket.config.annotation.WebSocketMessageBrokerConfigurer' (OnClassCondition)

   WebSocketReactiveAutoConfiguration:
      Did not match:
         - @ConditionalOnWebApplication did not find reactive web application classes (OnWebApplicationCondition)

   WebSocketServletAutoConfiguration.JettyWebSocketConfiguration:
      Did not match:
         - @ConditionalOnClass did not find required class 'org.eclipse.jetty.websocket.jakarta.server.config.JakartaWebSocketServletContainerInitializer' (OnClassCondition)

   WebSocketServletAutoConfiguration.UndertowWebSocketConfiguration:
      Did not match:
         - @ConditionalOnClass did not find required class 'io.undertow.websockets.jsr.Bootstrap' (OnClassCondition)

   XADataSourceAutoConfiguration:
      Did not match:
         - @ConditionalOnBean (types: org.springframework.boot.jdbc.XADataSourceWrapper; SearchStrategy: all) did not find any beans of type org.springframework.boot.jdbc.XADataSourceWrapper (OnBeanCondition)
      Matched:
         - @ConditionalOnClass found required classes 'javax.sql.DataSource', 'jakarta.transaction.TransactionManager', 'org.springframework.jdbc.datasource.embedded.EmbeddedDatabaseType' (OnClassCondition)


Exclusions:
-----------

    None


Unconditional classes:
----------------------

    org.springframework.boot.autoconfigure.context.ConfigurationPropertiesAutoConfiguration

    org.springframework.boot.autoconfigure.ssl.SslAutoConfiguration

    org.springframework.boot.autoconfigure.context.LifecycleAutoConfiguration

    org.springframework.boot.autoconfigure.context.PropertyPlaceholderAutoConfiguration

    org.springframework.boot.autoconfigure.availability.ApplicationAvailabilityAutoConfiguration

    org.springframework.boot.autoconfigure.info.ProjectInfoAutoConfiguration



2025-08-15T06:19:12.075+03:00  INFO 45728 --- [           main] c.d.l.LakeSideHotelApplicationTests      : Started LakeSideHotelApplicationTests in 4.646 seconds (process running for 6.503)
2025-08-15T06:19:12.076+03:00 DEBUG 45728 --- [           main] o.s.b.a.ApplicationAvailabilityBean      : Application availability state LivenessState changed to CORRECT
2025-08-15T06:19:12.078+03:00 DEBUG 45728 --- [           main] o.s.b.a.ApplicationAvailabilityBean      : Application availability state ReadinessState changed to ACCEPTING_TRAFFIC
2025-08-15T06:19:12.080+03:00 DEBUG 45728 --- [           main] org.springframework.test.context.cache   : Spring test ApplicationContext cache statistics: [DefaultContextCache@a0d3cc7 size = 1, maxSize = 32, parentContextCount = 0, hitCount = 0, missCount = 1]
2025-08-15T06:19:12.080+03:00 DEBUG 45728 --- [           main] o.s.t.c.w.ServletTestExecutionListener   : Setting up MockHttpServletRequest, MockHttpServletResponse, ServletWebRequest, and RequestContextHolder for test class com.dailycodework.lakesidehotel.LakeSideHotelApplicationTests
2025-08-15T06:19:12.090+03:00 DEBUG 45728 --- [           main] DependencyInjectionTestExecutionListener : Performing dependency injection for test class com.dailycodework.lakesidehotel.LakeSideHotelApplicationTests
2025-08-15T06:19:12.091+03:00 DEBUG 45728 --- [           main] org.springframework.test.context.cache   : Spring test ApplicationContext cache statistics: [DefaultContextCache@a0d3cc7 size = 1, maxSize = 32, parentContextCount = 0, hitCount = 1, missCount = 1]
2025-08-15T06:19:12.092+03:00 DEBUG 45728 --- [           main] org.springframework.test.context.cache   : Spring test ApplicationContext cache statistics: [DefaultContextCache@a0d3cc7 size = 1, maxSize = 32, parentContextCount = 0, hitCount = 2, missCount = 1]
2025-08-15T06:19:12.102+03:00 DEBUG 45728 --- [           main] sContextBeforeModesTestExecutionListener : Before test method: class [LakeSideHotelApplicationTests], method [contextLoads], class annotated with @DirtiesContext [false] with mode [null], method annotated with @DirtiesContext [false] with mode [null]
2025-08-15T06:19:12.106+03:00 DEBUG 45728 --- [           main] org.springframework.test.context.cache   : Spring test ApplicationContext cache statistics: [DefaultContextCache@a0d3cc7 size = 1, maxSize = 32, parentContextCount = 0, hitCount = 3, missCount = 1]
2025-08-15T06:19:12.107+03:00 DEBUG 45728 --- [           main] org.springframework.test.context.cache   : Spring test ApplicationContext cache statistics: [DefaultContextCache@a0d3cc7 size = 1, maxSize = 32, parentContextCount = 0, hitCount = 4, missCount = 1]
2025-08-15T06:19:12.823+03:00 DEBUG 45728 --- [           main] org.springframework.test.context.cache   : Spring test ApplicationContext cache statistics: [DefaultContextCache@a0d3cc7 size = 1, maxSize = 32, parentContextCount = 0, hitCount = 5, missCount = 1]
2025-08-15T06:19:12.828+03:00 DEBUG 45728 --- [           main] org.springframework.test.context.cache   : Spring test ApplicationContext cache statistics: [DefaultContextCache@a0d3cc7 size = 1, maxSize = 32, parentContextCount = 0, hitCount = 6, missCount = 1]
2025-08-15T06:19:12.829+03:00 DEBUG 45728 --- [           main] org.springframework.test.context.cache   : Spring test ApplicationContext cache statistics: [DefaultContextCache@a0d3cc7 size = 1, maxSize = 32, parentContextCount = 0, hitCount = 7, missCount = 1]
2025-08-15T06:19:12.829+03:00 DEBUG 45728 --- [           main] org.springframework.test.context.cache   : Spring test ApplicationContext cache statistics: [DefaultContextCache@a0d3cc7 size = 1, maxSize = 32, parentContextCount = 0, hitCount = 8, missCount = 1]
2025-08-15T06:19:12.829+03:00 DEBUG 45728 --- [           main] org.springframework.test.context.cache   : Spring test ApplicationContext cache statistics: [DefaultContextCache@a0d3cc7 size = 1, maxSize = 32, parentContextCount = 0, hitCount = 9, missCount = 1]
2025-08-15T06:19:12.830+03:00 DEBUG 45728 --- [           main] org.springframework.test.context.cache   : Spring test ApplicationContext cache statistics: [DefaultContextCache@a0d3cc7 size = 1, maxSize = 32, parentContextCount = 0, hitCount = 10, missCount = 1]
2025-08-15T06:19:12.832+03:00 DEBUG 45728 --- [           main] org.springframework.test.context.cache   : Spring test ApplicationContext cache statistics: [DefaultContextCache@a0d3cc7 size = 1, maxSize = 32, parentContextCount = 0, hitCount = 11, missCount = 1]
2025-08-15T06:19:12.832+03:00 DEBUG 45728 --- [           main] .c.s.DirtiesContextTestExecutionListener : After test method: class [LakeSideHotelApplicationTests], method [contextLoads], class annotated with @DirtiesContext [false] with mode [null], method annotated with @DirtiesContext [false] with mode [null]
2025-08-15T06:19:12.832+03:00 DEBUG 45728 --- [           main] o.s.t.c.w.ServletTestExecutionListener   : Resetting RequestContextHolder for test class com.dailycodework.lakesidehotel.LakeSideHotelApplicationTests
]]></system-out>
  </testcase>
</testsuite>